<?xml version="1.0" encoding="utf-8"?><testsuites name="pytest tests"><testsuite name="pytest" errors="0" failures="0" skipped="0" tests="12" time="3.239" timestamp="2026-05-14T23:32:39.984420+00:00" hostname="agent-env-893d1fbf-7821-4e4d-a89c-9f73e4875792"><testcase classname="tests.test_iteration39_new_features.TestFeature1PromoteDuplicateDetection" name="test_promote_returns_409_when_duplicate_email" time="0.300" /><testcase classname="tests.test_iteration39_new_features.TestFeature1PromoteDuplicateDetection" name="test_promote_returns_409_when_duplicate_phone" time="0.046" /><testcase classname="tests.test_iteration39_new_features.TestFeature1PromoteDuplicateDetection" name="test_promote_happy_path_unique_interesado" time="0.047" /><testcase classname="tests.test_iteration39_new_features.TestFeature1PromoteDuplicateDetection" name="test_promote_returns_404_when_missing" time="0.044" /><testcase classname="tests.test_iteration39_new_features.TestFeature1PromoteDuplicateDetection" name="test_promote_returns_400_when_source_not_whatsapp" time="0.059" /><testcase classname="tests.test_iteration39_new_features.TestFeature2_3LeadFields" name="test_leads_response_includes_new_fields" time="0.006" /><testcase classname="tests.test_iteration39_new_features.TestFeature2_3LeadFields" name="test_lead_detail_includes_new_fields" time="0.046" /><testcase classname="tests.test_iteration39_new_features.TestFeature4AtomicQuoteCounter" name="test_two_quotes_have_consecutive_numbers" time="1.703" /><testcase classname="tests.test_iteration39_new_features.TestFeature4AtomicQuoteCounter" name="test_counters_collection_has_quote_number_doc" time="0.001" /><testcase classname="tests.test_iteration39_new_features.TestFeature4AtomicQuoteCounter" name="test_po_counter_unchanged" time="0.050" /><testcase classname="tests.test_iteration39_new_features.TestFeature5AttendedByAttribution" name="test_agent_message_has_attended_by" time="0.759" /><testcase classname="tests.test_iteration39_new_features.TestFeature6BackendAclUnchanged" name="test_admin_can_still_list_users" time="0.045" /></testsuite></testsuites>