<?xml version="1.0" encoding="utf-8"?><testsuites name="pytest tests"><testsuite name="pytest" errors="0" failures="0" skipped="0" tests="13" time="71.653" timestamp="2026-02-19T21:58:41.529354+00:00" hostname="agent-env-2ae5f746-8829-4bba-b3b7-ea92b1c0bc18"><testcase classname="tests.test_iteration12_webhook_quotes.TestAuthAPI" name="test_login_success" time="0.464" /><testcase classname="tests.test_iteration12_webhook_quotes.TestAuthAPI" name="test_login_invalid_credentials" time="0.123" /><testcase classname="tests.test_iteration12_webhook_quotes.TestWebhookAndBotFlow" name="test_webhook_receives_message" time="4.833" /><testcase classname="tests.test_iteration12_webhook_quotes.TestWebhookAndBotFlow" name="test_webhook_with_full_quote_data" time="16.604" /><testcase classname="tests.test_iteration12_webhook_quotes.TestConversationsAPI" name="test_get_conversations_list" time="0.576" /><testcase classname="tests.test_iteration12_webhook_quotes.TestConversationsAPI" name="test_get_conversation_messages" time="0.309" /><testcase classname="tests.test_iteration12_webhook_quotes.TestQuotesV2API" name="test_get_quotes_list" time="0.559" /><testcase classname="tests.test_iteration12_webhook_quotes.TestFieldAliasNormalization" name="test_field_aliases_defined" time="0.000" /><testcase classname="tests.test_iteration12_webhook_quotes.TestStaffNotifications" name="test_staff_notification_phone_configured" time="0.000" /><testcase classname="tests.test_iteration12_webhook_quotes.TestStaffNotifications" name="test_notify_staff_function_exists" time="0.000" /><testcase classname="tests.test_iteration12_webhook_quotes.TestInboxPolling" name="test_inbox_has_polling" time="0.000" /><testcase classname="tests.test_iteration12_webhook_quotes.TestQuoteCreationFromWebhook" name="test_quote_creation_with_cantidades_por_producto" time="15.312" /><testcase classname="tests.test_iteration12_webhook_quotes.TestQuoteUpdate" name="test_quote_update_not_duplicate" time="32.807" /></testsuite></testsuites>