<?xml version="1.0" encoding="utf-8"?><testsuites name="pytest tests"><testsuite name="pytest" errors="0" failures="0" skipped="0" tests="17" time="5.370" timestamp="2026-04-06T18:34:14.026824+00:00" hostname="agent-env-f39c9655-595a-4ff0-ba04-c00ee20aaddd"><testcase classname="tests.test_iteration22_catalog_pdf.TestCatalogPDFFeature" name="test_upload_pdf_as_admin" time="0.619" /><testcase classname="tests.test_iteration22_catalog_pdf.TestCatalogPDFFeature" name="test_upload_pdf_as_developer" time="0.447" /><testcase classname="tests.test_iteration22_catalog_pdf.TestCatalogPDFFeature" name="test_upload_pdf_without_auth_fails" time="0.126" /><testcase classname="tests.test_iteration22_catalog_pdf.TestCatalogPDFFeature" name="test_upload_non_pdf_fails" time="0.426" /><testcase classname="tests.test_iteration22_catalog_pdf.TestCatalogPDFFeature" name="test_get_catalog_info_with_auth" time="0.390" /><testcase classname="tests.test_iteration22_catalog_pdf.TestCatalogPDFFeature" name="test_get_catalog_info_without_auth_fails" time="0.134" /><testcase classname="tests.test_iteration22_catalog_pdf.TestCatalogPDFFeature" name="test_serve_pdf_public_access" time="0.577" /><testcase classname="tests.test_iteration22_catalog_pdf.TestCatalogPDFFeature" name="test_serve_pdf_returns_correct_content_type" time="0.137" /><testcase classname="tests.test_iteration22_catalog_pdf.TestCatalogPDFFeature" name="test_delete_pdf_as_admin" time="0.572" /><testcase classname="tests.test_iteration22_catalog_pdf.TestCatalogPDFFeature" name="test_delete_pdf_without_auth_fails" time="0.128" /><testcase classname="tests.test_iteration22_catalog_pdf.TestCatalogPDFFeature" name="test_full_catalog_flow" time="0.911" /><testcase classname="tests.test_iteration22_catalog_pdf.TestBotCodeVerification" name="test_no_gimmicks_url_in_bot_service" time="0.001" /><testcase classname="tests.test_iteration22_catalog_pdf.TestBotCodeVerification" name="test_no_external_catalog_url_variable" time="0.000" /><testcase classname="tests.test_iteration22_catalog_pdf.TestBotCodeVerification" name="test_system_prompt_forbids_urls" time="0.000" /><testcase classname="tests.test_iteration22_catalog_pdf.TestBotCodeVerification" name="test_catalog_pdf_helper_exists" time="0.000" /><testcase classname="tests.test_iteration22_catalog_pdf.TestCatalogEndpointSecurity" name="test_upload_requires_admin_or_developer_role" time="0.441" /><testcase classname="tests.test_iteration22_catalog_pdf.TestCatalogEndpointSecurity" name="test_delete_requires_admin_or_developer_role" time="0.388" /></testsuite></testsuites>