<?xml version="1.0" encoding="utf-8"?><testsuites name="pytest tests"><testsuite name="pytest" errors="0" failures="0" skipped="0" tests="21" time="8.828" timestamp="2026-04-06T18:54:40.938937+00:00" hostname="agent-env-f39c9655-595a-4ff0-ba04-c00ee20aaddd"><testcase classname="backend.tests.test_iteration23_new_features.TestAuth" name="test_admin_login" time="0.461" /><testcase classname="backend.tests.test_iteration23_new_features.TestAuth" name="test_developer_login" time="0.336" /><testcase classname="backend.tests.test_iteration23_new_features.TestActivityLog" name="test_activity_log_admin_access" time="0.483" /><testcase classname="backend.tests.test_iteration23_new_features.TestActivityLog" name="test_activity_log_developer_forbidden" time="0.504" /><testcase classname="backend.tests.test_iteration23_new_features.TestActivityLog" name="test_activity_log_no_auth" time="0.108" /><testcase classname="backend.tests.test_iteration23_new_features.TestActivityLog" name="test_activity_log_filter_by_user" time="0.490" /><testcase classname="backend.tests.test_iteration23_new_features.TestActivityLog" name="test_activity_log_filter_by_action" time="0.529" /><testcase classname="backend.tests.test_iteration23_new_features.TestActivityLog" name="test_activity_log_actions_endpoint" time="0.459" /><testcase classname="backend.tests.test_iteration23_new_features.TestActivityLog" name="test_activity_log_actions_developer_forbidden" time="0.442" /><testcase classname="backend.tests.test_iteration23_new_features.TestInventoryDownloadStatus" name="test_download_status_endpoint" time="0.451" /><testcase classname="backend.tests.test_iteration23_new_features.TestInventoryDownloadStatus" name="test_record_download" time="0.645" /><testcase classname="backend.tests.test_iteration23_new_features.TestInventoryDownloadStatus" name="test_download_status_no_auth" time="0.145" /><testcase classname="backend.tests.test_iteration23_new_features.TestInventoryDownloadStatus" name="test_record_download_no_auth" time="0.179" /><testcase classname="backend.tests.test_iteration23_new_features.TestCatalogPdfEndpoints" name="test_catalog_info_admin" time="0.443" /><testcase classname="backend.tests.test_iteration23_new_features.TestCatalogPdfEndpoints" name="test_catalog_info_developer" time="0.433" /><testcase classname="backend.tests.test_iteration23_new_features.TestCatalogPdfEndpoints" name="test_catalog_pdf_public_access" time="0.120" /><testcase classname="backend.tests.test_iteration23_new_features.TestLoginCreatesActivityLog" name="test_login_creates_activity_entry" time="0.463" /><testcase classname="backend.tests.test_iteration23_new_features.TestProductUploadBlockedWithoutDownload" name="test_upload_blocked_message" time="0.582" /><testcase classname="backend.tests.test_iteration23_new_features.TestActivityLogPagination" name="test_pagination_params" time="0.583" /><testcase classname="backend.tests.test_iteration23_new_features.TestDateFilters" name="test_date_from_filter" time="0.455" /><testcase classname="backend.tests.test_iteration23_new_features.TestDateFilters" name="test_date_to_filter" time="0.433" /></testsuite></testsuites>