<?xml version="1.0" encoding="utf-8"?><testsuites name="pytest tests"><testsuite name="pytest" errors="0" failures="0" skipped="0" tests="14" time="4.840" timestamp="2026-04-10T16:12:34.262350+00:00" hostname="agent-env-95c2f472-ee57-4da7-a65b-b61b1f4fe1bf"><testcase classname="backend.tests.test_iteration37_automation_rules.TestHealthAndLogin" name="test_health_endpoint" time="0.192" /><testcase classname="backend.tests.test_iteration37_automation_rules.TestHealthAndLogin" name="test_admin_login" time="0.362" /><testcase classname="backend.tests.test_iteration37_automation_rules.TestAutomationRulesAPI" name="test_automation_rules_count" time="0.494" /><testcase classname="backend.tests.test_iteration37_automation_rules.TestAutomationRulesAPI" name="test_active_rules_names" time="0.487" /><testcase classname="backend.tests.test_iteration37_automation_rules.TestAutomationRulesAPI" name="test_inactive_rules_revisar" time="0.443" /><testcase classname="backend.tests.test_iteration37_automation_rules.TestAutomationRulesAPI" name="test_bienvenida_automatica_content" time="0.482" /><testcase classname="backend.tests.test_iteration37_automation_rules.TestAutomationRulesAPI" name="test_envio_catalogo_content" time="0.468" /><testcase classname="backend.tests.test_iteration37_automation_rules.TestAutomationRulesAPI" name="test_segundo_recordatorio_name" time="0.455" /><testcase classname="backend.tests.test_iteration37_automation_rules.TestAutomationRulesAPI" name="test_primer_recordatorio_message" time="0.454" /><testcase classname="backend.tests.test_iteration37_automation_rules.TestBotServiceAutomationRulesLoading" name="test_bot_service_loads_automation_rules" time="0.000" /><testcase classname="backend.tests.test_iteration37_automation_rules.TestBotServiceAutomationRulesLoading" name="test_bot_service_injects_rules_into_prompt" time="0.000" /><testcase classname="backend.tests.test_iteration37_automation_rules.TestSeedFunctionIdempotency" name="test_seed_function_checks_count" time="0.001" /><testcase classname="backend.tests.test_iteration37_automation_rules.TestAutomationRulesIntegration" name="test_rules_have_required_fields" time="0.465" /><testcase classname="backend.tests.test_iteration37_automation_rules.TestAutomationRulesIntegration" name="test_active_rules_have_valid_trigger_types" time="0.467" /></testsuite></testsuites>