<?xml version="1.0" encoding="utf-8"?><testsuites name="pytest tests"><testsuite name="pytest" errors="0" failures="0" skipped="0" tests="7" time="3.688" timestamp="2026-02-19T22:16:15.035946+00:00" hostname="agent-env-2ae5f746-8829-4bba-b3b7-ea92b1c0bc18"><testcase classname="backend.tests.test_interesados_feature.TestAuth" name="test_login_success" time="0.442" /><testcase classname="backend.tests.test_interesados_feature.TestAuth" name="test_login_invalid_credentials" time="0.268" /><testcase classname="backend.tests.test_interesados_feature.TestClientsSourceFilter" name="test_get_manual_clients" time="0.584" /><testcase classname="backend.tests.test_interesados_feature.TestClientsSourceFilter" name="test_get_whatsapp_clients" time="0.500" /><testcase classname="backend.tests.test_interesados_feature.TestPromoteEndpoint" name="test_promote_already_manual_returns_400" time="0.712" /><testcase classname="backend.tests.test_interesados_feature.TestPromoteEndpoint" name="test_promote_nonexistent_client_returns_404" time="0.554" /><testcase classname="backend.tests.test_interesados_feature.TestClientModel" name="test_client_has_source_field" time="0.575" /></testsuite></testsuites>