<?xml version="1.0" encoding="utf-8"?><testsuites name="pytest tests"><testsuite name="pytest" errors="0" failures="0" skipped="0" tests="9" time="231.235" timestamp="2026-04-08T16:29:49.428558+00:00" hostname="agent-env-95c2f472-ee57-4da7-a65b-b61b1f4fe1bf"><testcase classname="backend.tests.test_iteration27_alerts.TestStaffNotificationConfig" name="test_staff_phone_configured" time="0.001" /><testcase classname="backend.tests.test_iteration27_alerts.TestAlert1NewQuote" name="test_new_quote_notification_format" time="80.222" /><testcase classname="backend.tests.test_iteration27_alerts.TestAlert3Escalation" name="test_escalation_keyword_persona_real" time="21.788" /><testcase classname="backend.tests.test_iteration27_alerts.TestAlert3Escalation" name="test_escalation_keyword_hablar_con_alguien" time="22.186" /><testcase classname="backend.tests.test_iteration27_alerts.TestAlert5ProductNotFound" name="test_product_not_found_asks_for_email" time="36.035" /><testcase classname="backend.tests.test_iteration27_alerts.TestStopwordsFilter" name="test_stopwords_dont_cause_false_positives" time="21.768" /><testcase classname="backend.tests.test_iteration27_alerts.TestNormalProductSearch" name="test_jarros_search_returns_products" time="23.706" /><testcase classname="backend.tests.test_iteration27_alerts.TestWebhookBasic" name="test_webhook_returns_200" time="2.396" /><testcase classname="backend.tests.test_iteration27_alerts.TestBotNeverSaysNoTenemos" name="test_bot_response_for_nonexistent_product" time="23.066" /></testsuite></testsuites>