<?xml version="1.0" encoding="utf-8"?><testsuites name="pytest tests"><testsuite name="pytest" errors="0" failures="0" skipped="0" tests="30" time="0.813" timestamp="2026-04-10T15:03:01.240287+00:00" hostname="agent-env-95c2f472-ee57-4da7-a65b-b61b1f4fe1bf"><testcase classname="backend.tests.test_iteration35_bot_fixes.TestHealthAndLogin" name="test_health_check" time="0.300" /><testcase classname="backend.tests.test_iteration35_bot_fixes.TestHealthAndLogin" name="test_admin_login" time="0.422" /><testcase classname="backend.tests.test_iteration35_bot_fixes.TestBotServiceCodeAnalysis" name="test_greeting_words_set_exists" time="0.001" /><testcase classname="backend.tests.test_iteration35_bot_fixes.TestBotServiceCodeAnalysis" name="test_is_greeting_flag_exists" time="0.000" /><testcase classname="backend.tests.test_iteration35_bot_fixes.TestBotServiceCodeAnalysis" name="test_greeting_detection_logic" time="0.000" /><testcase classname="backend.tests.test_iteration35_bot_fixes.TestBotServiceCodeAnalysis" name="test_should_search_does_not_require_has_name" time="0.000" /><testcase classname="backend.tests.test_iteration35_bot_fixes.TestBotServiceCodeAnalysis" name="test_should_search_is_false_when_greeting" time="0.000" /><testcase classname="backend.tests.test_iteration35_bot_fixes.TestBotServiceCodeAnalysis" name="test_base_url_reads_react_app_backend_url_first" time="0.000" /><testcase classname="backend.tests.test_iteration35_bot_fixes.TestBotServiceCodeAnalysis" name="test_base_url_fallback_order" time="0.000" /><testcase classname="backend.tests.test_iteration35_bot_fixes.TestBotServiceCodeAnalysis" name="test_system_prompt_mentions_historial_20_mensajes" time="0.000" /><testcase classname="backend.tests.test_iteration35_bot_fixes.TestBotServiceCodeAnalysis" name="test_system_prompt_link_obligatorio" time="0.000" /><testcase classname="backend.tests.test_iteration35_bot_fixes.TestBotServiceCodeAnalysis" name="test_system_prompt_nunca_menciones_codigos_sin_link" time="0.000" /><testcase classname="backend.tests.test_iteration35_bot_fixes.TestBotServiceCodeAnalysis" name="test_system_prompt_productos_no_encontrados" time="0.000" /><testcase classname="backend.tests.test_iteration35_bot_fixes.TestBotServiceCodeAnalysis" name="test_user_prompt_obligatorio_link" time="0.000" /><testcase classname="backend.tests.test_iteration35_bot_fixes.TestBotServiceCodeAnalysis" name="test_user_prompt_nunca_mention_codes_without_link" time="0.000" /><testcase classname="backend.tests.test_iteration35_bot_fixes.TestBotServiceCodeAnalysis" name="test_fallback_appends_catalog_link" time="0.000" /><testcase classname="backend.tests.test_iteration35_bot_fixes.TestBotServiceCodeAnalysis" name="test_link_stopwords_includes_required_words" time="0.000" /><testcase classname="backend.tests.test_iteration35_bot_fixes.TestBotServiceCodeAnalysis" name="test_conversation_history_limit_at_least_20" time="0.000" /><testcase classname="backend.tests.test_iteration35_bot_fixes.TestGreetingDetectionLogic" name="test_hola_is_greeting" time="0.000" /><testcase classname="backend.tests.test_iteration35_bot_fixes.TestGreetingDetectionLogic" name="test_buenas_is_greeting" time="0.000" /><testcase classname="backend.tests.test_iteration35_bot_fixes.TestGreetingDetectionLogic" name="test_buenos_dias_is_greeting" time="0.000" /><testcase classname="backend.tests.test_iteration35_bot_fixes.TestGreetingDetectionLogic" name="test_hola_como_estas_is_greeting" time="0.000" /><testcase classname="backend.tests.test_iteration35_bot_fixes.TestGreetingDetectionLogic" name="test_termos_is_not_greeting" time="0.000" /><testcase classname="backend.tests.test_iteration35_bot_fixes.TestGreetingDetectionLogic" name="test_quiero_cotizar_gorras_is_not_greeting" time="0.000" /><testcase classname="backend.tests.test_iteration35_bot_fixes.TestShouldSearchLogic" name="test_should_search_false_for_greeting" time="0.000" /><testcase classname="backend.tests.test_iteration35_bot_fixes.TestShouldSearchLogic" name="test_should_search_true_for_product_query" time="0.000" /><testcase classname="backend.tests.test_iteration35_bot_fixes.TestShouldSearchLogic" name="test_should_search_false_for_email" time="0.000" /><testcase classname="backend.tests.test_iteration35_bot_fixes.TestShouldSearchLogic" name="test_should_search_false_for_product_code" time="0.000" /><testcase classname="backend.tests.test_iteration35_bot_fixes.TestBaseUrlEnvironmentVariable" name="test_react_app_backend_url_in_backend_env" time="0.000" /><testcase classname="backend.tests.test_iteration35_bot_fixes.TestBaseUrlEnvironmentVariable" name="test_react_app_backend_url_value" time="0.000" /></testsuite></testsuites>