<?xml version="1.0" encoding="utf-8"?><testsuites name="pytest tests"><testsuite name="pytest" errors="0" failures="1" skipped="0" tests="8" time="33.323" timestamp="2026-02-19T21:01:00.432456+00:00" hostname="agent-env-2ae5f746-8829-4bba-b3b7-ea92b1c0bc18"><testcase classname="tests.test_iteration11_api.TestAuthAndBasicAPIs" name="test_login_success" time="0.567" /><testcase classname="tests.test_iteration11_api.TestAuthAndBasicAPIs" name="test_login_invalid_credentials" time="0.193" /><testcase classname="tests.test_iteration11_api.TestAuthAndBasicAPIs" name="test_get_conversations" time="1.034" /><testcase classname="tests.test_iteration11_api.TestAuthAndBasicAPIs" name="test_get_conversation_messages" time="0.422" /><testcase classname="tests.test_iteration11_api.TestAIEndpoints" name="test_analyze_message_endpoint" time="9.042" /><testcase classname="tests.test_iteration11_api.TestAIEndpoints" name="test_recommend_products_endpoint" time="20.106"><failure message="AssertionError: Unexpected response format: {'recommendations': [{'code': 'JARPOR00142', 'name': 'Taza Jaipur mágica 11\u202foz', 'reason': 'Una taza mágica que revela un diseño al calentarse, ideal para regalos personalizados en Navidad.'}, {'code': 'JARTER00004', 'name': 'Vaso térmico “Stir” 11\u202foz', 'reason': 'Un vaso térmico con tapa y agitador interno, perfecto para mantener las bebidas calientes durante las festividades.'}, {'code': 'GIMC025070', 'name': 'Audífonos Bluetooth Seida', 'reason': 'Auriculares inalámbricos que son un excelente regalo para quienes disfrutan de la música y la tecnología.'}, {'code': 'GIMC0244', 'name': 'Cargador Inalámbrico', 'reason': 'Un práctico cargador inalámbrico, especialmente útil durante la temporada de fiestas para mantener los dispositivos cargados.'}, {'code': 'GIMC021413', 'name': 'Cuaderno Ecológico RPET Pacmel', 'reason': 'Un cuaderno ecológico que es una opción única y sostenible para quienes aprecian el cuidado del medio ambiente.'}], 'message': 'Te recomiendo una selección de productos que son ideales como regalos de Navidad. Estas opciones son prácticas, creativas y perfectas para sorprender a tus seres queridos en estas festividades.'}&#10;assert ('products' in {'message': 'Te recomiendo una selección de productos que son ideales como regalos de Navidad. Estas opciones son prácticas, creativas y perfectas para sorprender a tus seres queridos en estas festividades.', 'recommendations': [{'code': 'JARPOR00142', 'name': 'Taza Jaipur mágica 11\u202foz', 'reason': 'Una taza mágica que revela un diseño al calentarse, ideal para regalos personalizados en Navidad.'}, {'code': 'JARTER00004', 'name': 'Vaso térmico “Stir” 11\u202foz', 'reason': 'Un vaso térmico con tapa y agitador interno, perfecto para mantener las bebidas calientes durante las festividades.'}, {'code': 'GIMC025070', 'name': 'Audífonos Bluetooth Seida', 'reason': 'Auriculares inalámbricos que son un excelente regalo para quienes disfrutan de la música y la tecnología.'}, {'code': 'GIMC0244', 'name': 'Cargador Inalámbrico', 'reason': 'Un práctico cargador inalámbrico, especialmente útil durante la temporada de fiestas para mantener los dispositivos cargados.'}, {'code': 'GIMC021413', 'name': 'Cuaderno Ecológico RPET Pacmel', 'reason': 'Un cuaderno ecológico que es una opción única y sostenible para quienes aprecian el cuidado del medio ambiente.'}]} or False)&#10; +  where False = isinstance({'message': 'Te recomiendo una selección de productos que son ideales como regalos de Navidad. Estas opciones son prácticas, creativas y perfectas para sorprender a tus seres queridos en estas festividades.', 'recommendations': [{'code': 'JARPOR00142', 'name': 'Taza Jaipur mágica 11\u202foz', 'reason': 'Una taza mágica que revela un diseño al calentarse, ideal para regalos personalizados en Navidad.'}, {'code': 'JARTER00004', 'name': 'Vaso térmico “Stir” 11\u202foz', 'reason': 'Un vaso térmico con tapa y agitador interno, perfecto para mantener las bebidas calientes durante las festividades.'}, {'code': 'GIMC025070', 'name': 'Audífonos Bluetooth Seida', 'reason': 'Auriculares inalámbricos que son un excelente regalo para quienes disfrutan de la música y la tecnología.'}, {'code': 'GIMC0244', 'name': 'Cargador Inalámbrico', 'reason': 'Un práctico cargador inalámbrico, especialmente útil durante la temporada de fiestas para mantener los dispositivos cargados.'}, {'code': 'GIMC021413', 'name': 'Cuaderno Ecológico RPET Pacmel', 'reason': 'Un cuaderno ecológico que es una opción única y sostenible para quienes aprecian el cuidado del medio ambiente.'}]}, list)">tests/test_iteration11_api.py:174: in test_recommend_products_endpoint
    assert "products" in data or isinstance(data, list), f"Unexpected response format: {data}"
E   AssertionError: Unexpected response format: {'recommendations': [{'code': 'JARPOR00142', 'name': 'Taza Jaipur mágica 11\u202foz', 'reason': 'Una taza mágica que revela un diseño al calentarse, ideal para regalos personalizados en Navidad.'}, {'code': 'JARTER00004', 'name': 'Vaso térmico “Stir” 11\u202foz', 'reason': 'Un vaso térmico con tapa y agitador interno, perfecto para mantener las bebidas calientes durante las festividades.'}, {'code': 'GIMC025070', 'name': 'Audífonos Bluetooth Seida', 'reason': 'Auriculares inalámbricos que son un excelente regalo para quienes disfrutan de la música y la tecnología.'}, {'code': 'GIMC0244', 'name': 'Cargador Inalámbrico', 'reason': 'Un práctico cargador inalámbrico, especialmente útil durante la temporada de fiestas para mantener los dispositivos cargados.'}, {'code': 'GIMC021413', 'name': 'Cuaderno Ecológico RPET Pacmel', 'reason': 'Un cuaderno ecológico que es una opción única y sostenible para quienes aprecian el cuidado del medio ambiente.'}], 'message': 'Te recomiendo una selección de productos que son ideales como regalos de Navidad. Estas opciones son prácticas, creativas y perfectas para sorprender a tus seres queridos en estas festividades.'}
E   assert ('products' in {'message': 'Te recomiendo una selección de productos que son ideales como regalos de Navidad. Estas opciones son prácticas, creativas y perfectas para sorprender a tus seres queridos en estas festividades.', 'recommendations': [{'code': 'JARPOR00142', 'name': 'Taza Jaipur mágica 11\u202foz', 'reason': 'Una taza mágica que revela un diseño al calentarse, ideal para regalos personalizados en Navidad.'}, {'code': 'JARTER00004', 'name': 'Vaso térmico “Stir” 11\u202foz', 'reason': 'Un vaso térmico con tapa y agitador interno, perfecto para mantener las bebidas calientes durante las festividades.'}, {'code': 'GIMC025070', 'name': 'Audífonos Bluetooth Seida', 'reason': 'Auriculares inalámbricos que son un excelente regalo para quienes disfrutan de la música y la tecnología.'}, {'code': 'GIMC0244', 'name': 'Cargador Inalámbrico', 'reason': 'Un práctico cargador inalámbrico, especialmente útil durante la temporada de fiestas para mantener los dispositivos cargados.'}, {'code': 'GIMC021413', 'name': 'Cuaderno Ecológico RPET Pacmel', 'reason': 'Un cuaderno ecológico que es una opción única y sostenible para quienes aprecian el cuidado del medio ambiente.'}]} or False)
E    +  where False = isinstance({'message': 'Te recomiendo una selección de productos que son ideales como regalos de Navidad. Estas opciones son prácticas, creativas y perfectas para sorprender a tus seres queridos en estas festividades.', 'recommendations': [{'code': 'JARPOR00142', 'name': 'Taza Jaipur mágica 11\u202foz', 'reason': 'Una taza mágica que revela un diseño al calentarse, ideal para regalos personalizados en Navidad.'}, {'code': 'JARTER00004', 'name': 'Vaso térmico “Stir” 11\u202foz', 'reason': 'Un vaso térmico con tapa y agitador interno, perfecto para mantener las bebidas calientes durante las festividades.'}, {'code': 'GIMC025070', 'name': 'Audífonos Bluetooth Seida', 'reason': 'Auriculares inalámbricos que son un excelente regalo para quienes disfrutan de la música y la tecnología.'}, {'code': 'GIMC0244', 'name': 'Cargador Inalámbrico', 'reason': 'Un práctico cargador inalámbrico, especialmente útil durante la temporada de fiestas para mantener los dispositivos cargados.'}, {'code': 'GIMC021413', 'name': 'Cuaderno Ecológico RPET Pacmel', 'reason': 'Un cuaderno ecológico que es una opción única y sostenible para quienes aprecian el cuidado del medio ambiente.'}]}, list)</failure></testcase><testcase classname="tests.test_iteration11_api.TestConversationDetails" name="test_conversation_includes_funnel_stage" time="0.801" /><testcase classname="tests.test_iteration11_api.TestConversationDetails" name="test_star_conversation" time="1.081" /></testsuite></testsuites>