<?xml version="1.0" encoding="utf-8"?><testsuites name="pytest tests"><testsuite name="pytest" errors="0" failures="0" skipped="0" tests="8" time="7.467" timestamp="2026-02-16T18:44:57.895985+00:00" hostname="agent-env-5653a7b4-b62f-43c8-8781-87e5d28009ff"><testcase classname="backend.tests.test_public_catalog.TestPublicCatalogEndpoint" name="test_catalog_public_with_jarro_keyword" time="0.312" /><testcase classname="backend.tests.test_public_catalog.TestPublicCatalogEndpoint" name="test_catalog_public_with_termo_keyword" time="0.135" /><testcase classname="backend.tests.test_public_catalog.TestPublicCatalogEndpoint" name="test_catalog_public_without_query_returns_empty" time="0.195" /><testcase classname="backend.tests.test_public_catalog.TestPublicCatalogEndpoint" name="test_catalog_public_with_gorra_keyword" time="0.138" /><testcase classname="backend.tests.test_public_catalog.TestPublicCatalogEndpoint" name="test_catalog_public_no_auth_required" time="0.148" /><testcase classname="backend.tests.test_public_catalog.TestPublicCatalogEndpoint" name="test_catalog_returns_image_url_field" time="0.115" /><testcase classname="backend.tests.test_public_catalog.TestCatalogUrlBuilder" name="test_catalog_url_format" time="0.824" /><testcase classname="backend.tests.test_public_catalog.TestWebhookCatalogIntegration" name="test_webhook_responds_to_product_query" time="5.487" /></testsuite></testsuites>