<?xml version="1.0" encoding="utf-8"?><testsuites name="pytest tests"><testsuite name="pytest" errors="0" failures="0" skipped="0" tests="14" time="6.106" timestamp="2026-04-06T17:34:53.337851+00:00" hostname="agent-env-f39c9655-595a-4ff0-ba04-c00ee20aaddd"><testcase classname="tests.test_iteration21_cookie_auth.TestLoginFlow" name="test_login_success_returns_200_with_cookie" time="0.413" /><testcase classname="tests.test_iteration21_cookie_auth.TestLoginFlow" name="test_login_invalid_credentials_returns_401" time="0.381" /><testcase classname="tests.test_iteration21_cookie_auth.TestLoginFlow" name="test_developer_login_success" time="0.377" /><testcase classname="tests.test_iteration21_cookie_auth.TestSessionPersistence" name="test_auth_me_with_cookie" time="0.452" /><testcase classname="tests.test_iteration21_cookie_auth.TestSessionPersistence" name="test_auth_me_without_cookie_returns_401" time="0.112" /><testcase classname="tests.test_iteration21_cookie_auth.TestProtectedRoutes" name="test_leads_endpoint_with_cookie" time="0.476" /><testcase classname="tests.test_iteration21_cookie_auth.TestProtectedRoutes" name="test_conversations_endpoint_with_cookie" time="0.495" /><testcase classname="tests.test_iteration21_cookie_auth.TestProtectedRoutes" name="test_products_endpoint_with_cookie" time="0.423" /><testcase classname="tests.test_iteration21_cookie_auth.TestProtectedRoutes" name="test_dashboard_stats_with_cookie" time="0.395" /><testcase classname="tests.test_iteration21_cookie_auth.TestProtectedRoutes" name="test_inventory_endpoint_with_cookie" time="0.424" /><testcase classname="tests.test_iteration21_cookie_auth.TestProtectedRoutes" name="test_clients_endpoint_with_cookie" time="0.435" /><testcase classname="tests.test_iteration21_cookie_auth.TestProtectedRoutes" name="test_quotes_endpoint_with_cookie" time="0.475" /><testcase classname="tests.test_iteration21_cookie_auth.TestLogout" name="test_logout_clears_cookie" time="0.536" /><testcase classname="tests.test_iteration21_cookie_auth.TestSessionPersistenceAcrossRequests" name="test_session_persists_across_multiple_requests" time="0.638" /></testsuite></testsuites>