<?xml version="1.0" encoding="utf-8"?><testsuites name="pytest tests"><testsuite name="pytest" errors="0" failures="0" skipped="0" tests="23" time="1.067" timestamp="2026-04-10T20:28:06.279359+00:00" hostname="agent-env-95c2f472-ee57-4da7-a65b-b61b1f4fe1bf"><testcase classname="tests.test_iteration38_whatsapp_templates.TestHealthAndAuth" name="test_health_endpoint" time="0.194" /><testcase classname="tests.test_iteration38_whatsapp_templates.TestHealthAndAuth" name="test_admin_login" time="0.342" /><testcase classname="tests.test_iteration38_whatsapp_templates.TestAutomationRulesAPI" name="test_automation_rules_count" time="0.470" /><testcase classname="tests.test_iteration38_whatsapp_templates.TestSendWhatsAppTemplateFunction" name="test_function_exists_in_server" time="0.001" /><testcase classname="tests.test_iteration38_whatsapp_templates.TestSendWhatsAppTemplateFunction" name="test_function_signature" time="0.001" /><testcase classname="tests.test_iteration38_whatsapp_templates.TestSendWhatsAppTemplateFunction" name="test_template_payload_structure" time="0.000" /><testcase classname="tests.test_iteration38_whatsapp_templates.TestSendWhatsAppMessageOrTemplateFunction" name="test_function_exists" time="0.000" /><testcase classname="tests.test_iteration38_whatsapp_templates.TestSendWhatsAppMessageOrTemplateFunction" name="test_function_signature" time="0.000" /><testcase classname="tests.test_iteration38_whatsapp_templates.TestSendWhatsAppMessageOrTemplateFunction" name="test_tries_regular_message_first" time="0.000" /><testcase classname="tests.test_iteration38_whatsapp_templates.TestSendWhatsAppMessageOrTemplateFunction" name="test_catches_24h_errors" time="0.000" /><testcase classname="tests.test_iteration38_whatsapp_templates.TestSendWhatsAppMessageOrTemplateFunction" name="test_falls_back_to_template" time="0.000" /><testcase classname="tests.test_iteration38_whatsapp_templates.TestReminder1TemplateUsage" name="test_reminder_1_uses_message_or_template" time="0.000" /><testcase classname="tests.test_iteration38_whatsapp_templates.TestReminder1TemplateUsage" name="test_reminder_1_template_name" time="0.000" /><testcase classname="tests.test_iteration38_whatsapp_templates.TestReminder2TemplateUsage" name="test_reminder_2_uses_message_or_template" time="0.001" /><testcase classname="tests.test_iteration38_whatsapp_templates.TestReminder2TemplateUsage" name="test_reminder_2_template_name" time="0.000" /><testcase classname="tests.test_iteration38_whatsapp_templates.TestNotifyStaffCatalogRequestTemplate" name="test_function_exists_in_bot_service" time="0.000" /><testcase classname="tests.test_iteration38_whatsapp_templates.TestNotifyStaffCatalogRequestTemplate" name="test_catches_24h_errors" time="0.000" /><testcase classname="tests.test_iteration38_whatsapp_templates.TestNotifyStaffCatalogRequestTemplate" name="test_uses_alerta_producto_template" time="0.000" /><testcase classname="tests.test_iteration38_whatsapp_templates.TestNotifyStaffCatalogRequestTemplate" name="test_imports_send_whatsapp_template" time="0.000" /><testcase classname="tests.test_iteration38_whatsapp_templates.TestNotifyStaffCatalogRequestTemplate" name="test_template_has_3_parameters" time="0.000" /><testcase classname="tests.test_iteration38_whatsapp_templates.TestNotifyStaffCatalogRequestTemplate" name="test_language_code_is_es" time="0.000" /><testcase classname="tests.test_iteration38_whatsapp_templates.TestTemplateAPIEndpoint" name="test_uses_correct_api_endpoint" time="0.001" /><testcase classname="tests.test_iteration38_whatsapp_templates.TestTemplateNamesExact" name="test_all_template_names_exact" time="0.001" /></testsuite></testsuites>