<?xml version="1.0" encoding="utf-8"?><testsuites name="pytest tests"><testsuite name="pytest" errors="0" failures="0" skipped="0" tests="11" time="7.799" timestamp="2026-02-18T22:01:11.412503+00:00" hostname="agent-env-f6d5d154-28bf-4dcc-8c05-1da3fb0ba2ed"><testcase classname="tests.test_product_image_modal.TestProductImageModal" name="test_login_returns_access_token" time="0.931" /><testcase classname="tests.test_product_image_modal.TestProductImageModal" name="test_inventory_list_returns_products" time="0.692" /><testcase classname="tests.test_product_image_modal.TestProductImageModal" name="test_inventory_products_have_image_url_field" time="0.486" /><testcase classname="tests.test_product_image_modal.TestProductImageModal" name="test_upload_image_endpoint_requires_file" time="0.493" /><testcase classname="tests.test_product_image_modal.TestProductImageModal" name="test_upload_image_endpoint_accepts_image" time="0.668" /><testcase classname="tests.test_product_image_modal.TestProductImageModal" name="test_upload_image_compresses_large_images" time="0.700" /><testcase classname="tests.test_product_image_modal.TestProductImageModal" name="test_update_product_with_image_url" time="1.309" /><testcase classname="tests.test_product_image_modal.TestProductImageModal" name="test_google_drive_url_conversion" time="0.851" /><testcase classname="tests.test_product_image_modal.TestInventoryPage" name="test_inventory_pagination" time="0.494" /><testcase classname="tests.test_product_image_modal.TestInventoryPage" name="test_inventory_search" time="0.557" /><testcase classname="tests.test_product_image_modal.TestInventoryPage" name="test_inventory_categories_endpoint" time="0.542" /></testsuite></testsuites>