<?xml version="1.0" encoding="utf-8"?><testsuites name="pytest tests"><testsuite name="pytest" errors="0" failures="0" skipped="0" tests="13" time="5.731" timestamp="2026-04-06T17:01:16.853719+00:00" hostname="agent-env-dd451b08-a2a7-485f-99a5-87b68a7c1c92"><testcase classname="backend.tests.test_iteration20_cookie_auth.TestCookieBasedAuth" name="test_login_sets_httponly_cookie" time="0.437" /><testcase classname="backend.tests.test_iteration20_cookie_auth.TestCookieBasedAuth" name="test_auth_me_with_cookie" time="0.440" /><testcase classname="backend.tests.test_iteration20_cookie_auth.TestCookieBasedAuth" name="test_dashboard_stats_with_cookie" time="0.438" /><testcase classname="backend.tests.test_iteration20_cookie_auth.TestCookieBasedAuth" name="test_inventory_with_cookie" time="0.423" /><testcase classname="backend.tests.test_iteration20_cookie_auth.TestCookieBasedAuth" name="test_clients_with_cookie" time="0.397" /><testcase classname="backend.tests.test_iteration20_cookie_auth.TestCookieBasedAuth" name="test_quotes_with_cookie" time="0.456" /><testcase classname="backend.tests.test_iteration20_cookie_auth.TestCookieBasedAuth" name="test_logout_clears_session" time="0.577" /><testcase classname="backend.tests.test_iteration20_cookie_auth.TestCookieBasedAuth" name="test_unauthenticated_request_fails" time="0.417" /><testcase classname="backend.tests.test_iteration20_cookie_auth.TestDeveloperLogin" name="test_developer_login" time="0.360" /><testcase classname="backend.tests.test_iteration20_cookie_auth.TestDashboardEndpoints" name="test_activity_chart" time="0.476" /><testcase classname="backend.tests.test_iteration20_cookie_auth.TestDashboardEndpoints" name="test_top_products" time="0.388" /><testcase classname="backend.tests.test_iteration20_cookie_auth.TestDashboardEndpoints" name="test_top_clients" time="0.405" /><testcase classname="backend.tests.test_iteration20_cookie_auth.TestDashboardEndpoints" name="test_orders_by_client" time="0.436" /></testsuite></testsuites>