<?xml version="1.0" encoding="utf-8"?><testsuites name="pytest tests"><testsuite name="pytest" errors="0" failures="0" skipped="0" tests="11" time="102.716" timestamp="2026-04-06T22:30:20.619622+00:00" hostname="agent-env-95c2f472-ee57-4da7-a65b-b61b1f4fe1bf"><testcase classname="tests.test_iteration24_catalog_url.TestCatalogConfig" name="test_catalog_pdf_endpoint_returns_200" time="0.658" /><testcase classname="tests.test_iteration24_catalog_url.TestCatalogConfig" name="test_catalog_info_endpoint" time="0.455" /><testcase classname="tests.test_iteration24_catalog_url.TestWebhookCatalogRequest" name="test_catalog_completo_request_contains_url" time="46.158" /><testcase classname="tests.test_iteration24_catalog_url.TestWebhookCatalogRequest" name="test_webhook_returns_ok_status" time="8.869" /><testcase classname="tests.test_iteration24_catalog_url.TestWebhookCatalogRequest" name="test_normal_product_search_no_catalog_url" time="45.712" /><testcase classname="tests.test_iteration24_catalog_url.TestBotCodeVerification" name="test_bot_service_no_send_document_call" time="0.003" /><testcase classname="tests.test_iteration24_catalog_url.TestBotCodeVerification" name="test_bot_service_uses_url_append" time="0.003" /><testcase classname="tests.test_iteration24_catalog_url.TestBotCodeVerification" name="test_system_prompt_forbids_external_urls" time="0.003" /><testcase classname="tests.test_iteration24_catalog_url.TestBotCodeVerification" name="test_get_catalog_pdf_url_function_exists" time="0.005" /><testcase classname="tests.test_iteration24_catalog_url.TestCatalogURLFormat" name="test_catalog_url_is_valid" time="0.796" /><testcase classname="tests.test_iteration24_catalog_url.TestCatalogURLFormat" name="test_catalog_url_in_env" time="0.004" /></testsuite></testsuites>