<?xml version="1.0" encoding="utf-8"?><testsuites name="pytest tests"><testsuite name="pytest" errors="0" failures="0" skipped="0" tests="15" time="0.841" timestamp="2026-04-09T21:52:56.663409+00:00" hostname="agent-env-95c2f472-ee57-4da7-a65b-b61b1f4fe1bf"><testcase classname="tests.test_iteration33_bot_rules.TestSystemPromptRules" name="test_personalidad_mensajes_cortos_naturales_sin_emojis" time="0.073" /><testcase classname="tests.test_iteration33_bot_rules.TestSystemPromptRules" name="test_paso_3_asks_nombre_y_apellido" time="0.000" /><testcase classname="tests.test_iteration33_bot_rules.TestSystemPromptRules" name="test_paso_5_datos_personales_unicamente_despues_articulos" time="0.000" /><testcase classname="tests.test_iteration33_bot_rules.TestSystemPromptRules" name="test_paso_2_producto_before_paso_3_nombre" time="0.000" /><testcase classname="tests.test_iteration33_bot_rules.TestFollowupCheckReminderMessages" name="test_reminder_1_msg_exact_text" time="0.001" /><testcase classname="tests.test_iteration33_bot_rules.TestFollowupCheckReminderMessages" name="test_reminder_2_msg_exact_text" time="0.001" /><testcase classname="tests.test_iteration33_bot_rules.TestFollowupCheckTimingAndStages" name="test_first_reminder_at_4h_with_stage_filter" time="0.001" /><testcase classname="tests.test_iteration33_bot_rules.TestFollowupCheckTimingAndStages" name="test_second_reminder_at_23h_with_stage_filter" time="0.001" /><testcase classname="tests.test_iteration33_bot_rules.TestFollowupCheckTimingAndStages" name="test_reminders_not_sent_for_excluded_stages" time="0.001" /><testcase classname="tests.test_iteration33_bot_rules.TestBackendHealthAndAuth" name="test_health_endpoint_returns_200" time="0.214" /><testcase classname="tests.test_iteration33_bot_rules.TestBackendHealthAndAuth" name="test_auth_login_works" time="0.365" /><testcase classname="tests.test_iteration33_bot_rules.TestBackendHealthAndAuth" name="test_auth_login_rejects_invalid_credentials" time="0.115" /><testcase classname="tests.test_iteration33_bot_rules.TestFollowupCheckFunctionStructure" name="test_run_followup_check_function_exists" time="0.001" /><testcase classname="tests.test_iteration33_bot_rules.TestFollowupCheckFunctionStructure" name="test_lead_stage_check_before_reminders" time="0.001" /><testcase classname="tests.test_iteration33_bot_rules.TestFollowupCheckFunctionStructure" name="test_quote_generated_skip_logic" time="0.001" /></testsuite></testsuites>