<?xml version="1.0" encoding="utf-8"?><testsuites name="pytest tests"><testsuite name="pytest" errors="0" failures="0" skipped="0" tests="10" time="160.206" timestamp="2026-04-08T16:56:56.454998+00:00" hostname="agent-env-95c2f472-ee57-4da7-a65b-b61b1f4fe1bf"><testcase classname="backend.tests.test_iteration28_catalog_link.TestPublicCatalogAPI" name="test_catalog_public_returns_products_for_tazas" time="1.478" /><testcase classname="backend.tests.test_iteration28_catalog_link.TestPublicCatalogAPI" name="test_catalog_public_returns_products_for_jarros" time="0.122" /><testcase classname="backend.tests.test_iteration28_catalog_link.TestPublicCatalogAPI" name="test_catalog_public_returns_empty_for_drones" time="0.125" /><testcase classname="backend.tests.test_iteration28_catalog_link.TestPublicCatalogAPI" name="test_catalog_public_categories_endpoint" time="0.138" /><testcase classname="backend.tests.test_iteration28_catalog_link.TestCatalogLinkInBotResponse" name="test_bot_includes_catalog_link_for_tazas" time="70.667" /><testcase classname="backend.tests.test_iteration28_catalog_link.TestNoProductsFoundBehavior" name="test_bot_asks_for_email_when_no_products" time="69.124" /><testcase classname="backend.tests.test_iteration28_catalog_link.TestCatalogLinkURLFormat" name="test_stopwords_not_in_catalog_link" time="0.000" /><testcase classname="backend.tests.test_iteration28_catalog_link.TestCatalogLinkURLFormat" name="test_catalog_link_format_in_code" time="0.000" /><testcase classname="backend.tests.test_iteration28_catalog_link.TestStaffCatalogAlert" name="test_catalog_request_notification_function_exists" time="0.000" /><testcase classname="backend.tests.test_iteration28_catalog_link.TestNormalFlowStillWorks" name="test_webhook_basic" time="18.498" /></testsuite></testsuites>