<?xml version="1.0" encoding="utf-8"?><testsuites name="pytest tests"><testsuite name="pytest" errors="0" failures="0" skipped="0" tests="14" time="9.442" timestamp="2026-03-31T19:18:38.004835+00:00" hostname="agent-env-ecae83df-c02e-475d-8259-c3d4378919d9"><testcase classname="tests.test_staff_notifications_and_products.TestProductSearch" name="test_no_old_gimk_products_in_db" time="0.018" /><testcase classname="tests.test_staff_notifications_and_products.TestProductSearch" name="test_current_products_exist" time="0.012" /><testcase classname="tests.test_staff_notifications_and_products.TestProductSearch" name="test_search_jarro_returns_current_products" time="0.006" /><testcase classname="tests.test_staff_notifications_and_products.TestProductSearch" name="test_search_gorra_returns_current_products" time="0.007" /><testcase classname="tests.test_staff_notifications_and_products.TestProductSearch" name="test_search_termo_returns_current_products" time="0.007" /><testcase classname="tests.test_staff_notifications_and_products.TestStaffNotifications" name="test_staff_notification_on_new_quote" time="0.011" /><testcase classname="tests.test_staff_notifications_and_products.TestStaffNotifications" name="test_staff_notification_on_quote_update" time="0.009" /><testcase classname="tests.test_staff_notifications_and_products.TestStaffNotifications" name="test_notify_staff_function_parameters" time="0.001" /><testcase classname="tests.test_staff_notifications_and_products.TestStaffNotifications" name="test_staff_phone_constant" time="0.000" /><testcase classname="tests.test_staff_notifications_and_products.TestQuoteCreationTriggersNotification" name="test_full_quote_flow_with_notification" time="9.262" /><testcase classname="tests.test_staff_notifications_and_products.TestCatalogAvailabilityInjection" name="test_product_search_injects_catalog_availability" time="0.005" /><testcase classname="tests.test_staff_notifications_and_products.TestBuildCatalogUrl" name="test_build_catalog_url_uses_env_var" time="0.000" /><testcase classname="tests.test_staff_notifications_and_products.TestBuildCatalogUrl" name="test_build_catalog_url_handles_multiple_keywords" time="0.000" /><testcase classname="tests.test_staff_notifications_and_products.TestPerPhoneConcurrencyLock" name="test_phone_locks_exist" time="0.001" /></testsuite></testsuites>