<?xml version="1.0" encoding="utf-8"?><testsuites name="pytest tests"><testsuite name="pytest" errors="0" failures="0" skipped="0" tests="15" time="7.783" timestamp="2026-03-09T22:25:30.544112+00:00" hostname="agent-env-d0dc5061-3f05-47a1-a0c0-965f218c9b56"><testcase classname="tests.test_iteration15_performance.TestAuthFlow" name="test_login_success" time="0.428" /><testcase classname="tests.test_iteration15_performance.TestAuthFlow" name="test_login_invalid_credentials" time="0.121" /><testcase classname="tests.test_iteration15_performance.TestDashboard" name="test_dashboard_v2_stats" time="0.480" /><testcase classname="tests.test_iteration15_performance.TestDashboard" name="test_dashboard_activity_chart" time="0.467" /><testcase classname="tests.test_iteration15_performance.TestInventory" name="test_inventory_products_load" time="0.461" /><testcase classname="tests.test_iteration15_performance.TestInventory" name="test_image_endpoint_content_type" time="0.137" /><testcase classname="tests.test_iteration15_performance.TestInventory" name="test_image_has_etag" time="0.177" /><testcase classname="tests.test_iteration15_performance.TestQuotes" name="test_quotes_list_loads" time="0.479" /><testcase classname="tests.test_iteration15_performance.TestQuotes" name="test_pdf_generation" time="2.991" /><testcase classname="tests.test_iteration15_performance.TestPurchaseOrders" name="test_purchase_orders_load" time="0.488" /><testcase classname="tests.test_iteration15_performance.TestClients" name="test_clients_load" time="0.469" /><testcase classname="tests.test_iteration15_performance.TestInbox" name="test_inbox_conversations_load" time="0.462" /><testcase classname="tests.test_iteration15_performance.TestLeads" name="test_leads_load" time="0.458" /><testcase classname="tests.test_iteration15_performance.TestHealthAndBasics" name="test_api_health" time="0.099" /><testcase classname="tests.test_iteration15_performance.TestHealthAndBasics" name="test_middleware_size_limit" time="0.000" /></testsuite></testsuites>