<?xml version="1.0" encoding="utf-8"?><testsuites name="pytest tests"><testsuite name="pytest" errors="0" failures="0" skipped="0" tests="12" time="3.776" timestamp="2026-02-20T16:32:22.958373+00:00" hostname="agent-env-9088d430-9010-4004-96d4-ea68543d055f"><testcase classname="tests.test_iteration14_sync.TestAuthentication" name="test_login_with_valid_credentials" time="0.623" /><testcase classname="tests.test_iteration14_sync.TestAuthentication" name="test_login_with_invalid_credentials" time="0.348" /><testcase classname="tests.test_iteration14_sync.TestSyncEndpoints" name="test_sync_status_returns_running" time="0.505" /><testcase classname="tests.test_iteration14_sync.TestSyncEndpoints" name="test_sync_production_triggers_manual_sync" time="0.953" /><testcase classname="tests.test_iteration14_sync.TestInboxConversations" name="test_conversations_list_returns_production_data" time="0.121" /><testcase classname="tests.test_iteration14_sync.TestInboxConversations" name="test_conversation_has_required_fields" time="0.123" /><testcase classname="tests.test_iteration14_sync.TestInboxConversations" name="test_get_conversation_messages" time="0.321" /><testcase classname="tests.test_iteration14_sync.TestDashboard" name="test_dashboard_stats_loads" time="0.157" /><testcase classname="tests.test_iteration14_sync.TestDashboard" name="test_dashboard_activity_chart_loads" time="0.123" /><testcase classname="tests.test_iteration14_sync.TestLeads" name="test_leads_list_loads" time="0.150" /><testcase classname="tests.test_iteration14_sync.TestClients" name="test_clients_page_loads" time="0.137" /><testcase classname="tests.test_iteration14_sync.TestClients" name="test_interesados_page_loads" time="0.145" /></testsuite></testsuites>