<?xml version="1.0" encoding="utf-8"?><testsuites name="pytest tests"><testsuite name="pytest" errors="0" failures="0" skipped="0" tests="15" time="0.906" timestamp="2026-04-09T21:38:37.177756+00:00" hostname="agent-env-95c2f472-ee57-4da7-a65b-b61b1f4fe1bf"><testcase classname="tests.test_iteration32_bot_rules.TestSystemPromptRules" name="test_system_prompt_paso1_greets_without_name" time="0.058" /><testcase classname="tests.test_iteration32_bot_rules.TestSystemPromptRules" name="test_system_prompt_paso2_product_priority" time="0.000" /><testcase classname="tests.test_iteration32_bot_rules.TestSystemPromptRules" name="test_system_prompt_paso3_name_after_products" time="0.000" /><testcase classname="tests.test_iteration32_bot_rules.TestSystemPromptRules" name="test_system_prompt_quote_number_forbidden" time="0.000" /><testcase classname="tests.test_iteration32_bot_rules.TestSystemPromptRules" name="test_system_prompt_no_email_for_catalog" time="0.000" /><testcase classname="tests.test_iteration32_bot_rules.TestNotifyStaffCatalogRequest" name="test_notification_text_format" time="0.003" /><testcase classname="tests.test_iteration32_bot_rules.TestNotifyStaffCatalogRequest" name="test_notification_no_email_parameter" time="0.001" /><testcase classname="tests.test_iteration32_bot_rules.TestAlert5ImmediateTrigger" name="test_alert5_no_email_prerequisite" time="0.003" /><testcase classname="tests.test_iteration32_bot_rules.TestQuoteContextNoNumber" name="test_quote_context_no_quote_number" time="0.002" /><testcase classname="tests.test_iteration32_bot_rules.TestFallbackMessage" name="test_fallback_no_name_request" time="0.003" /><testcase classname="tests.test_iteration32_bot_rules.TestBackendAuthLogin" name="test_login_endpoint_exists" time="0.369" /><testcase classname="tests.test_iteration32_bot_rules.TestBackendAuthLogin" name="test_login_invalid_credentials" time="0.160" /><testcase classname="tests.test_iteration32_bot_rules.TestWebhookEndpoint" name="test_webhook_get_verification" time="0.120" /><testcase classname="tests.test_iteration32_bot_rules.TestWebhookEndpoint" name="test_webhook_post_exists" time="0.107" /><testcase classname="tests.test_iteration32_bot_rules.TestBuildConversationContextNoProductsFound" name="test_no_products_instruction_no_email" time="0.002" /></testsuite></testsuites>