<?xml version="1.0" encoding="utf-8"?><testsuites name="pytest tests"><testsuite name="pytest" errors="0" failures="0" skipped="0" tests="7" time="2.281" timestamp="2026-04-08T22:40:43.338655+00:00" hostname="agent-env-95c2f472-ee57-4da7-a65b-b61b1f4fe1bf"><testcase classname="backend.tests.test_iteration31_quote_id_preservation.TestQuoteIDPreservation" name="test_list_quotes_returns_json_array" time="0.264" /><testcase classname="backend.tests.test_iteration31_quote_id_preservation.TestQuoteIDPreservation" name="test_create_quote_with_15_items_and_edit_preserves_id" time="0.634" /><testcase classname="backend.tests.test_iteration31_quote_id_preservation.TestQuoteIDPreservation" name="test_generate_pdf_after_edit_works_with_original_id" time="0.200" /><testcase classname="backend.tests.test_iteration31_quote_id_preservation.TestQuoteIDPreservation" name="test_edit_quote_3_times_id_stays_same" time="0.507" /><testcase classname="backend.tests.test_iteration31_quote_id_preservation.TestQuoteIDPreservation" name="test_convert_to_po_preserves_document" time="0.163" /><testcase classname="backend.tests.test_iteration31_quote_id_preservation.TestQuoteWith20Items" name="test_create_and_edit_quote_with_20_items" time="0.249" /><testcase classname="backend.tests.test_iteration31_quote_id_preservation.TestCleanup" name="test_cleanup_test_quotes" time="0.194" /></testsuite></testsuites>