<?xml version="1.0" encoding="utf-8"?><testsuites name="pytest tests"><testsuite name="pytest" errors="0" failures="0" skipped="0" tests="11" time="34.909" timestamp="2026-03-23T14:42:31.824105+00:00" hostname="agent-env-ecae83df-c02e-475d-8259-c3d4378919d9"><testcase classname="tests.test_bot_ai_conversation" name="test_returning_client_greeted_by_name" time="5.559" /><testcase classname="tests.test_bot_ai_conversation" name="test_new_client_gets_introduction" time="1.786" /><testcase classname="tests.test_bot_ai_conversation" name="test_catalog_request_returns_link" time="7.609" /><testcase classname="tests.test_bot_ai_conversation" name="test_product_search_returns_filtered_link" time="2.773" /><testcase classname="tests.test_bot_ai_conversation" name="test_no_fallback_error_messages" time="2.641" /><testcase classname="tests.test_bot_ai_conversation" name="test_single_response_per_message" time="2.990" /><testcase classname="tests.test_bot_ai_conversation" name="test_followup_no_redundant_hola" time="6.198" /><testcase classname="tests.test_bot_ai_conversation" name="test_concurrent_messages_no_errors" time="5.251" /><testcase classname="tests.test_bot_ai_conversation" name="test_error_messages_filtered_from_history" time="0.004" /><testcase classname="tests.test_bot_ai_conversation" name="test_load_known_client_data_no_product_codes" time="0.004" /><testcase classname="tests.test_bot_ai_conversation" name="test_build_catalog_url_basic" time="0.000" /></testsuite></testsuites>