<?xml version="1.0" encoding="utf-8"?><testsuites name="pytest tests"><testsuite name="pytest" errors="0" failures="0" skipped="0" tests="24" time="6.466" timestamp="2026-02-18T17:56:39.060926+00:00" hostname="agent-env-1e246a7c-e152-483b-989e-9cdbcd29b50f"><testcase classname="tests.test_fase3_e2e.TestAuth" name="test_login_success" time="0.464" /><testcase classname="tests.test_fase3_e2e.TestAuth" name="test_login_invalid_credentials" time="0.132" /><testcase classname="tests.test_fase3_e2e.TestDashboardV2" name="test_dashboard_stats" time="0.531" /><testcase classname="tests.test_fase3_e2e.TestDashboardV2" name="test_dashboard_activity_chart" time="0.134" /><testcase classname="tests.test_fase3_e2e.TestDashboardV2" name="test_dashboard_top_products" time="0.121" /><testcase classname="tests.test_fase3_e2e.TestDashboardV2" name="test_dashboard_top_clients" time="0.137" /><testcase classname="tests.test_fase3_e2e.TestPublicCatalog" name="test_public_catalog_search_jarro" time="0.146" /><testcase classname="tests.test_fase3_e2e.TestPublicCatalog" name="test_public_catalog_search_termo" time="0.149" /><testcase classname="tests.test_fase3_e2e.TestPublicCatalog" name="test_public_catalog_empty_query" time="0.147" /><testcase classname="tests.test_fase3_e2e.TestInventoryV2" name="test_inventory_list" time="0.210" /><testcase classname="tests.test_fase3_e2e.TestInventoryV2" name="test_inventory_search" time="0.145" /><testcase classname="tests.test_fase3_e2e.TestInventoryV2" name="test_inventory_categories" time="0.126" /><testcase classname="tests.test_fase3_e2e.TestClientsCRUD" name="test_clients_list" time="0.276" /><testcase classname="tests.test_fase3_e2e.TestClientsCRUD" name="test_client_create_and_verify" time="0.570" /><testcase classname="tests.test_fase3_e2e.TestClientsCRUD" name="test_clients_trash_list" time="0.116" /><testcase classname="tests.test_fase3_e2e.TestQuotesV2" name="test_quotes_list" time="0.126" /><testcase classname="tests.test_fase3_e2e.TestQuotesV2" name="test_purchase_orders_list" time="0.107" /><testcase classname="tests.test_fase3_e2e.TestQuotesV2" name="test_quote_create_and_verify" time="0.919" /><testcase classname="tests.test_fase3_e2e.TestExistingModules" name="test_conversations_list" time="0.128" /><testcase classname="tests.test_fase3_e2e.TestExistingModules" name="test_leads_list" time="0.141" /><testcase classname="tests.test_fase3_e2e.TestExistingModules" name="test_users_list" time="0.126" /><testcase classname="tests.test_fase3_e2e.TestExistingModules" name="test_automation_rules" time="0.131" /><testcase classname="tests.test_fase3_e2e.TestExistingModules" name="test_dashboard_metrics_old" time="0.166" /><testcase classname="tests.test_fase3_e2e.TestSidebarNavigation" name="test_all_navigation_endpoints" time="1.157" /></testsuite></testsuites>