<?xml version="1.0" encoding="utf-8"?><testsuites name="pytest tests"><testsuite name="pytest" errors="0" failures="0" skipped="1" tests="18" time="32.801" timestamp="2026-02-13T19:08:01.502911+00:00" hostname="agent-env-5653a7b4-b62f-43c8-8781-87e5d28009ff"><testcase classname="backend.tests.test_quotes_followup.TestAuthentication" name="test_login_success" time="0.457" /><testcase classname="backend.tests.test_quotes_followup.TestAuthentication" name="test_login_invalid_credentials" time="0.004" /><testcase classname="backend.tests.test_quotes_followup.TestQuotesAPI" name="test_get_quotes_list" time="0.004" /><testcase classname="backend.tests.test_quotes_followup.TestQuotesAPI" name="test_get_quotes_filter_by_status" time="0.004" /><testcase classname="backend.tests.test_quotes_followup.TestQuotesAPI" name="test_create_test_quote_via_webhook" time="0.000" /><testcase classname="backend.tests.test_quotes_followup.TestQuotesAPI" name="test_update_quote_total_and_notes" time="0.012" /><testcase classname="backend.tests.test_quotes_followup.TestQuotesAPI" name="test_get_quote_detail" time="0.006" /><testcase classname="backend.tests.test_quotes_followup.TestQuotesAPI" name="test_delete_quote" time="0.008" /><testcase classname="backend.tests.test_quotes_followup.TestFollowUpSystem" name="test_followup_check_endpoint" time="0.003" /><testcase classname="backend.tests.test_quotes_followup.TestLeadsPipelineStages" name="test_get_leads_returns_new_stages" time="0.003" /><testcase classname="backend.tests.test_quotes_followup.TestLeadsPipelineStages" name="test_filter_leads_by_new_stages" time="0.013" /><testcase classname="backend.tests.test_quotes_followup.TestAIBotWebhook" name="test_webhook_new_contact_creates_lead" time="6.940" /><testcase classname="backend.tests.test_quotes_followup.TestAIBotWebhook" name="test_ai_bot_extracts_product_codes" time="3.966" /><testcase classname="backend.tests.test_quotes_followup.TestAIBotWebhook" name="test_ai_bot_extracts_correo_nombre_empresa" time="4.945" /><testcase classname="backend.tests.test_quotes_followup.TestAIBotWebhook" name="test_ai_bot_pipeline_update" time="4.958" /><testcase classname="backend.tests.test_quotes_followup.TestLeadReactivation" name="test_reactivate_lost_lead_on_new_message" time="3.154" /><testcase classname="backend.tests.test_quotes_followup.TestCatalogSearch" name="test_ai_bot_responds_with_catalog_on_product_query" time="8.214" /><testcase classname="backend.tests.test_quotes_followup.TestQuoteSendWithSMTPNotConfigured" name="test_send_quote_returns_smtp_error" time="0.023"><skipped type="pytest.skip" message="No quotes to test send">/app/backend/tests/test_quotes_followup.py:484: No quotes to test send</skipped></testcase></testsuite></testsuites>