<?xml version="1.0" encoding="utf-8"?><testsuites name="pytest tests"><testsuite name="pytest" errors="0" failures="1" skipped="0" tests="24" time="6.269" timestamp="2026-02-18T17:52:47.696410+00:00" hostname="agent-env-1e246a7c-e152-483b-989e-9cdbcd29b50f"><testcase classname="tests.test_fase3_e2e.TestAuth" name="test_login_success" time="0.455" /><testcase classname="tests.test_fase3_e2e.TestAuth" name="test_login_invalid_credentials" time="0.142" /><testcase classname="tests.test_fase3_e2e.TestDashboardV2" name="test_dashboard_stats" time="0.519" /><testcase classname="tests.test_fase3_e2e.TestDashboardV2" name="test_dashboard_activity_chart" time="0.135" /><testcase classname="tests.test_fase3_e2e.TestDashboardV2" name="test_dashboard_top_products" time="0.114" /><testcase classname="tests.test_fase3_e2e.TestDashboardV2" name="test_dashboard_top_clients" time="0.170" /><testcase classname="tests.test_fase3_e2e.TestPublicCatalog" name="test_public_catalog_search_jarro" time="0.198" /><testcase classname="tests.test_fase3_e2e.TestPublicCatalog" name="test_public_catalog_search_termo" time="0.144" /><testcase classname="tests.test_fase3_e2e.TestPublicCatalog" name="test_public_catalog_empty_query" time="0.154" /><testcase classname="tests.test_fase3_e2e.TestInventoryV2" name="test_inventory_list" time="0.123" /><testcase classname="tests.test_fase3_e2e.TestInventoryV2" name="test_inventory_search" time="0.164" /><testcase classname="tests.test_fase3_e2e.TestInventoryV2" name="test_inventory_categories" time="0.173" /><testcase classname="tests.test_fase3_e2e.TestClientsCRUD" name="test_clients_list" time="0.122" /><testcase classname="tests.test_fase3_e2e.TestClientsCRUD" name="test_client_create_and_verify" time="0.355"><failure message="AssertionError: Client GET failed: {&quot;detail&quot;:&quot;Method Not Allowed&quot;}&#10;assert 405 == 200&#10; +  where 405 = &lt;Response [405]&gt;.status_code">tests/test_fase3_e2e.py:213: in test_client_create_and_verify
    assert get_response.status_code == 200, f"Client GET failed: {get_response.text}"
E   AssertionError: Client GET failed: {"detail":"Method Not Allowed"}
E   assert 405 == 200
E    +  where 405 = &lt;Response [405]&gt;.status_code</failure></testcase><testcase classname="tests.test_fase3_e2e.TestClientsCRUD" name="test_clients_trash_list" time="0.170" /><testcase classname="tests.test_fase3_e2e.TestQuotesV2" name="test_quotes_list" time="0.125" /><testcase classname="tests.test_fase3_e2e.TestQuotesV2" name="test_purchase_orders_list" time="0.144" /><testcase classname="tests.test_fase3_e2e.TestQuotesV2" name="test_quote_create_and_verify" time="0.779" /><testcase classname="tests.test_fase3_e2e.TestExistingModules" name="test_conversations_list" time="0.170" /><testcase classname="tests.test_fase3_e2e.TestExistingModules" name="test_leads_list" time="0.133" /><testcase classname="tests.test_fase3_e2e.TestExistingModules" name="test_users_list" time="0.147" /><testcase classname="tests.test_fase3_e2e.TestExistingModules" name="test_automation_rules" time="0.183" /><testcase classname="tests.test_fase3_e2e.TestExistingModules" name="test_dashboard_metrics_old" time="0.152" /><testcase classname="tests.test_fase3_e2e.TestSidebarNavigation" name="test_all_navigation_endpoints" time="1.194" /></testsuite></testsuites>