<?xml version="1.0" encoding="utf-8"?><testsuites name="pytest tests"><testsuite name="pytest" errors="0" failures="0" skipped="0" tests="11" time="9.722" timestamp="2026-02-17T14:37:28.740529+00:00" hostname="agent-env-352ffea1-0d04-46ae-96fa-12b113b829b3"><testcase classname="tests.test_funnel_stage_analysis.TestConversationsFunnelStage" name="test_conversations_list_has_funnel_stage_field" time="0.238" /><testcase classname="tests.test_funnel_stage_analysis.TestConversationsFunnelStage" name="test_filter_conversations_by_funnel_stage_lead" time="0.006" /><testcase classname="tests.test_funnel_stage_analysis.TestConversationsFunnelStage" name="test_filter_conversations_by_funnel_stage_cliente_potencial" time="0.006" /><testcase classname="tests.test_funnel_stage_analysis.TestConversationsFunnelStage" name="test_filter_conversations_by_funnel_stage_cotizacion_generada" time="0.004" /><testcase classname="tests.test_funnel_stage_analysis.TestAIAnalyzeMessage" name="test_analyze_message_returns_enriched_fields" time="4.825" /><testcase classname="tests.test_funnel_stage_analysis.TestAIAnalyzeMessage" name="test_analyze_message_with_empty_params" time="4.284" /><testcase classname="tests.test_funnel_stage_analysis.TestBotLoadKnownClientData" name="test_verify_load_known_client_data_function_exists" time="0.070" /><testcase classname="tests.test_funnel_stage_analysis.TestBotLoadKnownClientData" name="test_verify_get_conversation_history_function_exists" time="0.000" /><testcase classname="tests.test_funnel_stage_analysis.TestFollowupCheckLogic" name="test_verify_followup_skips_quote_generated_code_review" time="0.001" /><testcase classname="tests.test_funnel_stage_analysis.TestFollowupCheckLogic" name="test_verify_reminder_count_logic_code_review" time="0.001" /><testcase classname="tests.test_funnel_stage_analysis.TestLeadsWithFunnelStage" name="test_leads_have_funnel_stage" time="0.229" /></testsuite></testsuites>