<?xml version="1.0" encoding="utf-8"?><testsuites name="pytest tests"><testsuite name="pytest" errors="0" failures="0" skipped="0" tests="24" time="51.393" timestamp="2026-04-08T20:41:17.333638+00:00" hostname="agent-env-95c2f472-ee57-4da7-a65b-b61b1f4fe1bf"><testcase classname="backend.tests.test_iteration29_post_deploy.TestAuthLogin" name="test_login_admin_success" time="0.392" /><testcase classname="backend.tests.test_iteration29_post_deploy.TestAuthLogin" name="test_login_developer_success" time="0.331" /><testcase classname="backend.tests.test_iteration29_post_deploy.TestAuthLogin" name="test_login_invalid_credentials" time="0.334" /><testcase classname="backend.tests.test_iteration29_post_deploy.TestDashboardAPIs" name="test_dashboard_stats" time="0.468" /><testcase classname="backend.tests.test_iteration29_post_deploy.TestDashboardAPIs" name="test_dashboard_activity_chart" time="0.448" /><testcase classname="backend.tests.test_iteration29_post_deploy.TestDashboardAPIs" name="test_dashboard_top_products" time="0.435" /><testcase classname="backend.tests.test_iteration29_post_deploy.TestDashboardAPIs" name="test_dashboard_top_clients" time="0.442" /><testcase classname="backend.tests.test_iteration29_post_deploy.TestCRUDEndpoints" name="test_inventory_list" time="0.502" /><testcase classname="backend.tests.test_iteration29_post_deploy.TestCRUDEndpoints" name="test_clients_list" time="0.433" /><testcase classname="backend.tests.test_iteration29_post_deploy.TestCRUDEndpoints" name="test_leads_list" time="0.455" /><testcase classname="backend.tests.test_iteration29_post_deploy.TestCRUDEndpoints" name="test_quotes_list" time="0.429" /><testcase classname="backend.tests.test_iteration29_post_deploy.TestCRUDEndpoints" name="test_conversations_list" time="0.557" /><testcase classname="backend.tests.test_iteration29_post_deploy.TestCRUDEndpoints" name="test_activity_log_list" time="0.474" /><testcase classname="backend.tests.test_iteration29_post_deploy.TestCRUDEndpoints" name="test_users_list" time="0.474" /><testcase classname="backend.tests.test_iteration29_post_deploy.TestSPACatchAllProtection" name="test_nonexistent_api_route_returns_json_404" time="0.097" /><testcase classname="backend.tests.test_iteration29_post_deploy.TestSPACatchAllProtection" name="test_nonexistent_api_route_not_html" time="0.105" /><testcase classname="backend.tests.test_iteration29_post_deploy.TestWebhookDedup" name="test_webhook_verification" time="0.104" /><testcase classname="backend.tests.test_iteration29_post_deploy.TestWebhookDedup" name="test_webhook_post_returns_ok" time="0.112" /><testcase classname="backend.tests.test_iteration29_post_deploy.TestWebhookDedup" name="test_webhook_dedup_same_wamid" time="42.807" /><testcase classname="backend.tests.test_iteration29_post_deploy.TestPDFGeneration" name="test_pdf_generation_with_existing_quote" time="1.005" /><testcase classname="backend.tests.test_iteration29_post_deploy.TestPublicCatalog" name="test_public_catalog_search" time="0.119" /><testcase classname="backend.tests.test_iteration29_post_deploy.TestPublicCatalog" name="test_public_catalog_categories" time="0.129" /><testcase classname="backend.tests.test_iteration29_post_deploy.TestHealthAndIndexes" name="test_health_endpoint" time="0.099" /><testcase classname="backend.tests.test_iteration29_post_deploy.TestHealthAndIndexes" name="test_fast_query_performance" time="0.551" /></testsuite></testsuites>