<?xml version="1.0" encoding="utf-8"?><testsuites name="pytest tests"><testsuite name="pytest" errors="0" failures="0" skipped="0" tests="19" time="12.222" timestamp="2026-04-09T22:04:58.874796+00:00" hostname="agent-env-95c2f472-ee57-4da7-a65b-b61b1f4fe1bf"><testcase classname="backend.tests.test_iteration34_auth_cors.TestHealthCheck" name="test_health_endpoint" time="0.242" /><testcase classname="backend.tests.test_iteration34_auth_cors.TestLoginReturnsAccessToken" name="test_login_returns_access_token_admin" time="0.397" /><testcase classname="backend.tests.test_iteration34_auth_cors.TestLoginReturnsAccessToken" name="test_login_returns_access_token_developer" time="0.376" /><testcase classname="backend.tests.test_iteration34_auth_cors.TestBearerTokenAuth" name="test_auth_me_with_bearer_token" time="0.444" /><testcase classname="backend.tests.test_iteration34_auth_cors.TestBearerTokenAuth" name="test_auth_me_without_token_fails" time="0.131" /><testcase classname="backend.tests.test_iteration34_auth_cors.TestMultipleSimultaneousLogins" name="test_10_rapid_logins_all_succeed" time="2.836" /><testcase classname="backend.tests.test_iteration34_auth_cors.TestMultipleSimultaneousLogins" name="test_20_sequential_logins_all_succeed" time="6.872" /><testcase classname="backend.tests.test_iteration34_auth_cors.TestRateLimiterConfiguration" name="test_get_client_ip_function_exists" time="0.003" /><testcase classname="backend.tests.test_iteration34_auth_cors.TestRateLimiterConfiguration" name="test_max_login_attempts_is_50" time="0.001" /><testcase classname="backend.tests.test_iteration34_auth_cors.TestRateLimiterConfiguration" name="test_login_uses_get_client_ip" time="0.001" /><testcase classname="backend.tests.test_iteration34_auth_cors.TestCORSConfiguration" name="test_cors_allows_all_origins" time="0.077" /><testcase classname="backend.tests.test_iteration34_auth_cors.TestCORSConfiguration" name="test_cors_no_credentials_header" time="0.081" /><testcase classname="backend.tests.test_iteration34_auth_cors.TestCORSConfiguration" name="test_cors_on_actual_request" time="0.353" /><testcase classname="backend.tests.test_iteration34_auth_cors.TestFrontendAuthContext" name="test_no_withcredentials_in_authcontext" time="0.000" /><testcase classname="backend.tests.test_iteration34_auth_cors.TestFrontendAuthContext" name="test_localstorage_token_storage" time="0.000" /><testcase classname="backend.tests.test_iteration34_auth_cors.TestFrontendAuthContext" name="test_bearer_header_set_from_localstorage" time="0.000" /><testcase classname="backend.tests.test_iteration34_auth_cors.TestCookieSameSite" name="test_login_cookie_samesite_none" time="0.338" /><testcase classname="backend.tests.test_iteration34_auth_cors.TestServerCodeStructure" name="test_cors_middleware_no_credentials" time="0.000" /><testcase classname="backend.tests.test_iteration34_auth_cors.TestServerCodeStructure" name="test_get_client_ip_reads_headers" time="0.000" /></testsuite></testsuites>