<?xml version="1.0" encoding="utf-8"?><testsuites name="pytest tests"><testsuite name="pytest" errors="0" failures="0" skipped="2" tests="24" time="10.372" timestamp="2026-02-18T17:30:26.915154+00:00" hostname="agent-env-1e246a7c-e152-483b-989e-9cdbcd29b50f"><testcase classname="backend.tests.test_fase2_integration.TestAuth" name="test_login_success" time="0.503" /><testcase classname="backend.tests.test_fase2_integration.TestAuth" name="test_login_invalid_credentials" time="1.257" /><testcase classname="backend.tests.test_fase2_integration.TestAuth" name="test_auth_me" time="0.533" /><testcase classname="backend.tests.test_fase2_integration.TestInventoryV2" name="test_get_inventory_paginated" time="0.221" /><testcase classname="backend.tests.test_fase2_integration.TestInventoryV2" name="test_get_inventory_search" time="0.178" /><testcase classname="backend.tests.test_fase2_integration.TestInventoryV2" name="test_get_categories" time="0.187" /><testcase classname="backend.tests.test_fase2_integration.TestClients" name="test_get_clients" time="1.762" /><testcase classname="backend.tests.test_fase2_integration.TestClients" name="test_create_client_and_verify" time="0.565" /><testcase classname="backend.tests.test_fase2_integration.TestClients" name="test_client_trash_restore" time="0.703" /><testcase classname="backend.tests.test_fase2_integration.TestQuotesV2" name="test_get_quotes" time="0.161" /><testcase classname="backend.tests.test_fase2_integration.TestQuotesV2" name="test_get_purchase_orders" time="0.787" /><testcase classname="backend.tests.test_fase2_integration.TestQuotesV2" name="test_create_quote_draft" time="0.383"><skipped type="pytest.skip" message="Need at least one client and one product">/app/backend/tests/test_fase2_integration.py:274: Need at least one client and one product</skipped></testcase><testcase classname="backend.tests.test_fase2_integration.TestQuotesV2" name="test_generate_pdf" time="0.575"><skipped type="pytest.skip" message="No quotes available for PDF test">/app/backend/tests/test_fase2_integration.py:354: No quotes available for PDF test</skipped></testcase><testcase classname="backend.tests.test_fase2_integration.TestDashboardV2" name="test_dashboard_stats" time="0.140" /><testcase classname="backend.tests.test_fase2_integration.TestDashboardV2" name="test_activity_chart" time="0.163" /><testcase classname="backend.tests.test_fase2_integration.TestDashboardV2" name="test_top_products" time="0.319" /><testcase classname="backend.tests.test_fase2_integration.TestDashboardV2" name="test_top_clients" time="0.186" /><testcase classname="backend.tests.test_fase2_integration.TestExistingModules" name="test_inbox_conversations" time="0.142" /><testcase classname="backend.tests.test_fase2_integration.TestExistingModules" name="test_leads" time="0.328" /><testcase classname="backend.tests.test_fase2_integration.TestExistingModules" name="test_users" time="0.161" /><testcase classname="backend.tests.test_fase2_integration.TestExistingModules" name="test_automation_rules" time="0.430" /><testcase classname="backend.tests.test_fase2_integration.TestExistingModules" name="test_dashboard_metrics" time="0.191" /><testcase classname="backend.tests.test_fase2_integration.TestPublicCatalog" name="test_public_catalog_no_auth" time="0.195" /><testcase classname="backend.tests.test_fase2_integration.TestPublicCatalog" name="test_public_catalog_empty_query" time="0.213" /></testsuite></testsuites>