<?xml version="1.0" encoding="utf-8"?><testsuites name="pytest tests"><testsuite name="pytest" errors="0" failures="0" skipped="0" tests="14" time="136.249" timestamp="2026-04-08T15:54:07.052248+00:00" hostname="agent-env-95c2f472-ee57-4da7-a65b-b61b1f4fe1bf"><testcase classname="backend.tests.test_iteration26_bot_flow.TestWebhookBasic" name="test_webhook_returns_200" time="5.075" /><testcase classname="backend.tests.test_iteration26_bot_flow.TestBotFlowStep1Greeting" name="test_greeting_response" time="14.328" /><testcase classname="backend.tests.test_iteration26_bot_flow.TestBotFlowStep2NameCapture" name="test_name_capture" time="23.752" /><testcase classname="backend.tests.test_iteration26_bot_flow.TestBotFlowStep3ProductSearch" name="test_product_search" time="27.311" /><testcase classname="backend.tests.test_iteration26_bot_flow.TestBotFlowStep4CodeCapture" name="test_code_and_quantity_capture" time="17.331" /><testcase classname="backend.tests.test_iteration26_bot_flow.TestBotFlowStep5AdditionalData" name="test_additional_data_collection" time="14.834" /><testcase classname="backend.tests.test_iteration26_bot_flow.TestQuoteGeneration" name="test_quote_ready_check" time="20.098" /><testcase classname="backend.tests.test_iteration26_bot_flow.TestEscalationKeywords" name="test_escalation_trigger" time="12.847" /><testcase classname="backend.tests.test_iteration26_bot_flow.TestFrontendLoads" name="test_frontend_login_page" time="0.065" /><testcase classname="backend.tests.test_iteration26_bot_flow.TestFrontendLoads" name="test_frontend_auth" time="0.473" /><testcase classname="backend.tests.test_iteration26_bot_flow.TestCatalogPDFRemoved" name="test_no_catalog_pdf_route" time="0.065" /><testcase classname="backend.tests.test_iteration26_bot_flow.TestCatalogPDFRemoved" name="test_no_catalog_in_settings" time="0.003" /><testcase classname="backend.tests.test_iteration26_bot_flow.TestCatalogPDFRemoved" name="test_no_catalog_route_in_app" time="0.002" /><testcase classname="backend.tests.test_iteration26_bot_flow.TestStaffNotification" name="test_staff_notification_phone_configured" time="0.003" /></testsuite></testsuites>