<?xml version="1.0" encoding="utf-8"?><testsuites name="pytest tests"><testsuite name="pytest" errors="0" failures="0" skipped="0" tests="13" time="23.300" timestamp="2026-02-13T13:49:54.141576+00:00" hostname="agent-env-5653a7b4-b62f-43c8-8781-87e5d28009ff"><testcase classname="backend.tests.test_leads_and_webhook.TestAuth" name="test_login_success" time="0.237" /><testcase classname="backend.tests.test_leads_and_webhook.TestAuth" name="test_login_invalid_credentials" time="0.003" /><testcase classname="backend.tests.test_leads_and_webhook.TestLeadsWithNewFields" name="test_get_leads_returns_new_fields" time="0.233" /><testcase classname="backend.tests.test_leads_and_webhook.TestLeadsWithNewFields" name="test_get_lead_detail_with_new_fields" time="0.005" /><testcase classname="backend.tests.test_leads_and_webhook.TestLeadsWithNewFields" name="test_create_and_update_lead" time="0.008" /><testcase classname="backend.tests.test_leads_and_webhook.TestLeadsWithNewFields" name="test_filter_leads_by_stage" time="0.003" /><testcase classname="backend.tests.test_leads_and_webhook.TestLeadsWithNewFields" name="test_filter_leads_by_classification" time="0.002" /><testcase classname="backend.tests.test_leads_and_webhook.TestLeadsWithNewFields" name="test_search_leads_by_name" time="0.003" /><testcase classname="backend.tests.test_leads_and_webhook.TestWebhookAndAIBot" name="test_webhook_processes_incoming_message" time="8.529" /><testcase classname="backend.tests.test_leads_and_webhook.TestWebhookAndAIBot" name="test_webhook_creates_conversation" time="5.111" /><testcase classname="backend.tests.test_leads_and_webhook.TestAIDataExtraction" name="test_ai_extracts_lead_data_from_message" time="9.042" /><testcase classname="backend.tests.test_leads_and_webhook.TestLeadClassification" name="test_classification_values_are_valid" time="0.004" /><testcase classname="backend.tests.test_leads_and_webhook.TestLeadCategories" name="test_ai_category_values" time="0.003" /></testsuite></testsuites>