<?xml version="1.0" encoding="utf-8"?><testsuites name="pytest tests"><testsuite name="pytest" errors="0" failures="2" skipped="0" tests="14" time="3.629" timestamp="2026-04-08T21:05:26.016083+00:00" hostname="agent-env-95c2f472-ee57-4da7-a65b-b61b1f4fe1bf"><testcase classname="backend.tests.test_iteration30_quotes_pdf.TestQuotesV2Endpoints" name="test_quotes_v2_list_returns_json_without_id" time="0.224" /><testcase classname="backend.tests.test_iteration30_quotes_pdf.TestQuotesV2Endpoints" name="test_quotes_v2_list_po_returns_json_without_id" time="0.125" /><testcase classname="backend.tests.test_iteration30_quotes_pdf.TestQuotesV2Endpoints" name="test_quotes_v2_single_quote_no_id" time="0.235" /><testcase classname="backend.tests.test_iteration30_quotes_pdf.TestPDFGeneration" name="test_generate_pdf_proforma" time="1.452" /><testcase classname="backend.tests.test_iteration30_quotes_pdf.TestPDFGeneration" name="test_generate_pdf_orden_compra" time="0.297" /><testcase classname="backend.tests.test_iteration30_quotes_pdf.TestPDFGeneration" name="test_generate_pdf_with_overrides" time="0.283" /><testcase classname="backend.tests.test_iteration30_quotes_pdf.TestPDFGeneration" name="test_generate_pdf_nonexistent_quote" time="0.126" /><testcase classname="backend.tests.test_iteration30_quotes_pdf.TestSPACatchAll" name="test_api_nonexistent_returns_json_404" time="0.114" /><testcase classname="backend.tests.test_iteration30_quotes_pdf.TestCRUDSectionsLoad" name="test_health_endpoint" time="0.123" /><testcase classname="backend.tests.test_iteration30_quotes_pdf.TestCRUDSectionsLoad" name="test_inventory_loads" time="0.114" /><testcase classname="backend.tests.test_iteration30_quotes_pdf.TestCRUDSectionsLoad" name="test_clients_loads" time="0.113" /><testcase classname="backend.tests.test_iteration30_quotes_pdf.TestCRUDSectionsLoad" name="test_leads_loads" time="0.111"><failure message="assert 401 == 200&#10; +  where 401 = &lt;Response [401]&gt;.status_code">backend/tests/test_iteration30_quotes_pdf.py:166: in test_leads_loads
    assert response.status_code == 200
E   assert 401 == 200
E    +  where 401 = &lt;Response [401]&gt;.status_code</failure></testcase><testcase classname="backend.tests.test_iteration30_quotes_pdf.TestCRUDSectionsLoad" name="test_conversations_loads" time="0.110"><failure message="assert 401 == 200&#10; +  where 401 = &lt;Response [401]&gt;.status_code">backend/tests/test_iteration30_quotes_pdf.py:173: in test_conversations_loads
    assert response.status_code == 200
E   assert 401 == 200
E    +  where 401 = &lt;Response [401]&gt;.status_code</failure></testcase><testcase classname="backend.tests.test_iteration30_quotes_pdf.TestOldQuotesEndpoint" name="test_old_quotes_requires_auth" time="0.106" /></testsuite></testsuites>