<?xml version="1.0" encoding="utf-8"?><testsuites name="pytest tests"><testsuite name="pytest" errors="0" failures="0" skipped="0" tests="10" time="171.790" timestamp="2026-04-06T23:16:49.850216+00:00" hostname="agent-env-95c2f472-ee57-4da7-a65b-b61b1f4fe1bf"><testcase classname="backend.tests.test_iteration25_catalog_removal.TestCatalogEndpointsRemoved" name="test_catalog_pdf_endpoint_removed" time="0.134" /><testcase classname="backend.tests.test_iteration25_catalog_removal.TestCatalogEndpointsRemoved" name="test_catalog_info_endpoint_removed" time="0.118" /><testcase classname="backend.tests.test_iteration25_catalog_removal.TestCatalogEndpointsRemoved" name="test_catalog_upload_endpoint_removed" time="0.458" /><testcase classname="backend.tests.test_iteration25_catalog_removal.TestCatalogEndpointsRemoved" name="test_catalog_delete_endpoint_removed" time="0.125" /><testcase classname="backend.tests.test_iteration25_catalog_removal.TestBotCatalogFlow" name="test_catalog_request_asks_for_email" time="42.398" /><testcase classname="backend.tests.test_iteration25_catalog_removal.TestBotCatalogFlow" name="test_catalog_request_no_escalation" time="37.872" /><testcase classname="backend.tests.test_iteration25_catalog_removal.TestBotCatalogFlow" name="test_staff_notification_on_email_provided" time="51.828" /><testcase classname="backend.tests.test_iteration25_catalog_removal.TestBotCatalogFlow" name="test_normal_product_search_works" time="38.595" /><testcase classname="backend.tests.test_iteration25_catalog_removal.TestFrontendCatalogRemoval" name="test_catalog_pdf_page_not_accessible" time="0.107" /><testcase classname="backend.tests.test_iteration25_catalog_removal.TestFrontendCatalogRemoval" name="test_no_catalog_pdf_in_sidebar_api" time="0.104" /></testsuite></testsuites>