<?xml version="1.0" encoding="utf-8"?><testsuites name="pytest tests"><testsuite name="pytest" errors="0" failures="0" skipped="0" tests="8" time="2.467" timestamp="2026-04-06T16:28:23.691014+00:00" hostname="agent-env-dd451b08-a2a7-485f-99a5-87b68a7c1c92"><testcase classname="tests.test_iteration19_bot_rewrite.TestStaffNotification" name="test_staff_notification_on_quote" time="0.075" /><testcase classname="tests.test_iteration19_bot_rewrite.TestLoginFlow" name="test_admin_login" time="0.361" /><testcase classname="tests.test_iteration19_bot_rewrite.TestLoginFlow" name="test_developer_login" time="0.350" /><testcase classname="tests.test_iteration19_bot_rewrite.TestDashboardAndInventory" name="test_dashboard_loads" time="0.459" /><testcase classname="tests.test_iteration19_bot_rewrite.TestDashboardAndInventory" name="test_inventory_loads" time="0.473" /><testcase classname="tests.test_iteration19_bot_rewrite.TestProductExport" name="test_export_all_products" time="0.693" /><testcase classname="tests.test_iteration19_bot_rewrite.TestValidStages" name="test_valid_stages_defined" time="0.000" /><testcase classname="tests.test_iteration19_bot_rewrite.TestExternalCatalogURL" name="test_external_catalog_url" time="0.000" /></testsuite></testsuites>