<?xml version="1.0" encoding="utf-8"?><testsuites name="pytest tests"><testsuite name="pytest" errors="0" failures="2" skipped="1" tests="18" time="34.166" timestamp="2026-02-13T19:04:57.352086+00:00" hostname="agent-env-5653a7b4-b62f-43c8-8781-87e5d28009ff"><testcase classname="backend.tests.test_quotes_followup.TestAuthentication" name="test_login_success" time="0.458" /><testcase classname="backend.tests.test_quotes_followup.TestAuthentication" name="test_login_invalid_credentials" time="0.003" /><testcase classname="backend.tests.test_quotes_followup.TestQuotesAPI" name="test_get_quotes_list" time="0.006" /><testcase classname="backend.tests.test_quotes_followup.TestQuotesAPI" name="test_get_quotes_filter_by_status" time="0.004" /><testcase classname="backend.tests.test_quotes_followup.TestQuotesAPI" name="test_create_test_quote_via_webhook" time="0.000" /><testcase classname="backend.tests.test_quotes_followup.TestQuotesAPI" name="test_update_quote_total_and_notes" time="0.012" /><testcase classname="backend.tests.test_quotes_followup.TestQuotesAPI" name="test_get_quote_detail" time="0.007" /><testcase classname="backend.tests.test_quotes_followup.TestQuotesAPI" name="test_delete_quote" time="0.010" /><testcase classname="backend.tests.test_quotes_followup.TestFollowUpSystem" name="test_followup_check_endpoint" time="2.049" /><testcase classname="backend.tests.test_quotes_followup.TestLeadsPipelineStages" name="test_get_leads_returns_new_stages" time="0.004"><failure message="AssertionError: Invalid stage: qualified&#10;assert 'qualified' in ['lead', 'cliente_potencial', 'cotizacion_generada', 'pedido', 'perdido']">backend/tests/test_quotes_followup.py:216: in test_get_leads_returns_new_stages
    assert lead["funnel_stage"] in valid_stages, f"Invalid stage: {lead['funnel_stage']}"
E   AssertionError: Invalid stage: qualified
E   assert 'qualified' in ['lead', 'cliente_potencial', 'cotizacion_generada', 'pedido', 'perdido']</failure></testcase><testcase classname="backend.tests.test_quotes_followup.TestLeadsPipelineStages" name="test_filter_leads_by_new_stages" time="0.015" /><testcase classname="backend.tests.test_quotes_followup.TestAIBotWebhook" name="test_webhook_new_contact_creates_lead" time="6.274"><failure message="AssertionError: assert 'cliente_potencial' == 'lead'&#10;  &#10;  - lead&#10;  + cliente_potencial">backend/tests/test_quotes_followup.py:277: in test_webhook_new_contact_creates_lead
    assert lead["funnel_stage"] == "lead"  # New leads start at 'lead' stage
    ^^^^^^^^^^^^^^^^^^^^^^^^^^^^^^^^^^^^^
E   AssertionError: assert 'cliente_potencial' == 'lead'
E     
E     - lead
E     + cliente_potencial</failure></testcase><testcase classname="backend.tests.test_quotes_followup.TestAIBotWebhook" name="test_ai_bot_extracts_product_codes" time="5.080" /><testcase classname="backend.tests.test_quotes_followup.TestAIBotWebhook" name="test_ai_bot_extracts_correo_nombre_empresa" time="5.177" /><testcase classname="backend.tests.test_quotes_followup.TestAIBotWebhook" name="test_ai_bot_pipeline_update" time="5.602" /><testcase classname="backend.tests.test_quotes_followup.TestLeadReactivation" name="test_reactivate_lost_lead_on_new_message" time="4.904" /><testcase classname="backend.tests.test_quotes_followup.TestCatalogSearch" name="test_ai_bot_responds_with_catalog_on_product_query" time="4.312" /><testcase classname="backend.tests.test_quotes_followup.TestQuoteSendWithSMTPNotConfigured" name="test_send_quote_returns_smtp_error" time="0.028"><skipped type="pytest.skip" message="No quote with client email to test send">/app/backend/tests/test_quotes_followup.py:491: No quote with client email to test send</skipped></testcase></testsuite></testsuites>