<?xml version="1.0" encoding="utf-8"?><testsuites name="pytest tests"><testsuite name="pytest" errors="0" failures="0" skipped="0" tests="29" time="63.851" timestamp="2026-04-01T15:17:01.450328+00:00" hostname="agent-env-ecae83df-c02e-475d-8259-c3d4378919d9"><testcase classname="tests.test_iteration18_state_machine.TestEscalationDetection" name="test_detect_escalation_frustration_keywords" time="0.001" /><testcase classname="tests.test_iteration18_state_machine.TestEscalationDetection" name="test_detect_escalation_normal_messages" time="0.000" /><testcase classname="tests.test_iteration18_state_machine.TestEscalationDetection" name="test_escalation_keywords_list" time="0.000" /><testcase classname="tests.test_iteration18_state_machine.TestDetermineStage" name="test_stage_saludo_new_user" time="0.000" /><testcase classname="tests.test_iteration18_state_machine.TestDetermineStage" name="test_stage_with_name_only" time="0.000" /><testcase classname="tests.test_iteration18_state_machine.TestDetermineStage" name="test_stage_with_catalog_sent" time="0.000" /><testcase classname="tests.test_iteration18_state_machine.TestDetermineStage" name="test_stage_with_codes" time="0.000" /><testcase classname="tests.test_iteration18_state_machine.TestDetermineStage" name="test_stage_with_codes_and_qty" time="0.000" /><testcase classname="tests.test_iteration18_state_machine.TestDetermineStage" name="test_stage_escalado_humano_persists" time="0.000" /><testcase classname="tests.test_iteration18_state_machine.TestDetermineStage" name="test_stage_revision_humana_after_quote" time="0.000" /><testcase classname="tests.test_iteration18_state_machine.TestFieldAliases" name="test_email_aliases" time="0.000" /><testcase classname="tests.test_iteration18_state_machine.TestFieldAliases" name="test_code_aliases" time="0.000" /><testcase classname="tests.test_iteration18_state_machine.TestFieldAliases" name="test_color_logo_aliases" time="0.000" /><testcase classname="tests.test_iteration18_state_machine.TestFieldAliases" name="test_city_aliases" time="0.000" /><testcase classname="tests.test_iteration18_state_machine.TestValidStages" name="test_all_stages_defined" time="0.000" /><testcase classname="tests.test_iteration18_state_machine.TestStaffNotificationPhone" name="test_staff_phone_configured" time="0.000" /><testcase classname="tests.test_iteration18_state_machine.TestNewStateFunction" name="test_new_state_structure" time="0.000" /><testcase classname="tests.test_iteration18_state_machine" name="test_send_escalation_summary_structure" time="0.030" /><testcase classname="tests.test_iteration18_state_machine" name="test_search_jarro" time="0.004" /><testcase classname="tests.test_iteration18_state_machine" name="test_search_gorra" time="0.005" /><testcase classname="tests.test_iteration18_state_machine" name="test_validate_product_codes" time="0.004" /><testcase classname="tests.test_iteration18_state_machine" name="test_caso3_frustration_escalation" time="1.011" /><testcase classname="tests.test_iteration18_state_machine" name="test_caso1_date_not_product" time="12.526" /><testcase classname="tests.test_iteration18_state_machine" name="test_caso2_phone_not_product_code" time="7.877" /><testcase classname="tests.test_iteration18_state_machine" name="test_name_capture_not_product_search" time="8.220" /><testcase classname="tests.test_iteration18_state_machine" name="test_color_saved_as_color_logo" time="8.100" /><testcase classname="tests.test_iteration18_state_machine" name="test_city_saved_as_ciudad" time="8.232" /><testcase classname="tests.test_iteration18_state_machine" name="test_catalog_link_on_request" time="8.131" /><testcase classname="tests.test_iteration18_state_machine" name="test_staff_notification_on_quote" time="9.582" /></testsuite></testsuites>