<?xml version="1.0" encoding="utf-8"?><testsuites name="pytest tests"><testsuite name="pytest" errors="0" failures="0" skipped="0" tests="30" time="0.616" timestamp="2026-04-10T15:51:32.818107+00:00" hostname="agent-env-95c2f472-ee57-4da7-a65b-b61b1f4fe1bf"><testcase classname="backend.tests.test_iteration36_strengthened_prompts.TestHealthAndLogin" name="test_health_endpoint" time="0.144" /><testcase classname="backend.tests.test_iteration36_strengthened_prompts.TestHealthAndLogin" name="test_admin_login" time="0.387" /><testcase classname="backend.tests.test_iteration36_strengthened_prompts.TestPaso1SaludoInicial" name="test_paso1_unicamente_saludo_cordial" time="0.000" /><testcase classname="backend.tests.test_iteration36_strengthened_prompts.TestPaso1SaludoInicial" name="test_paso1_no_pidas_codigos" time="0.000" /><testcase classname="backend.tests.test_iteration36_strengthened_prompts.TestPaso1SaludoInicial" name="test_paso1_no_menciones_cotizaciones_pendientes" time="0.000" /><testcase classname="backend.tests.test_iteration36_strengthened_prompts.TestPaso1SaludoInicial" name="test_paso1_en_que_puedo_ayudarte" time="0.000" /><testcase classname="backend.tests.test_iteration36_strengthened_prompts.TestPaso1SaludoInicial" name="test_paso1_uses_client_name_from_history" time="0.000" /><testcase classname="backend.tests.test_iteration36_strengthened_prompts.TestPaso2ProductoBusqueda" name="test_paso2_inmediata_busqueda" time="0.000" /><testcase classname="backend.tests.test_iteration36_strengthened_prompts.TestPaso2ProductoBusqueda" name="test_paso2_obligatorio_include_link" time="0.000" /><testcase classname="backend.tests.test_iteration36_strengthened_prompts.TestPaso2ProductoBusqueda" name="test_paso2_example_response_format" time="0.000" /><testcase classname="backend.tests.test_iteration36_strengthened_prompts.TestPaso2ProductoBusqueda" name="test_paso2_nunca_agente_enviara_catalogo_when_products_found" time="0.000" /><testcase classname="backend.tests.test_iteration36_strengthened_prompts.TestProductosNoEncontrados" name="test_no_products_says_agente_enviara_catalogo" time="0.000" /><testcase classname="backend.tests.test_iteration36_strengthened_prompts.TestProductosNoEncontrados" name="test_no_products_instruction_in_catalog_availability" time="0.000" /><testcase classname="backend.tests.test_iteration36_strengthened_prompts.TestCatalogAvailabilityProhibido" name="test_prohibido_decir_agente_enviara_catalogo" time="0.000" /><testcase classname="backend.tests.test_iteration36_strengthened_prompts.TestCatalogAvailabilityProhibido" name="test_tu_envias_el_link" time="0.000" /><testcase classname="backend.tests.test_iteration36_strengthened_prompts.TestStaffNotificationPhone" name="test_staff_phone_updated" time="0.000" /><testcase classname="backend.tests.test_iteration36_strengthened_prompts.TestStaffNotificationPhone" name="test_old_phone_not_present" time="0.000" /><testcase classname="backend.tests.test_iteration36_strengthened_prompts.TestUserPromptReinforcement" name="test_user_prompt_nunca_agente_enviara_catalogo" time="0.000" /><testcase classname="backend.tests.test_iteration36_strengthened_prompts.TestUserPromptReinforcement" name="test_user_prompt_greeting_behavior" time="0.000" /><testcase classname="backend.tests.test_iteration36_strengthened_prompts.TestUserPromptReinforcement" name="test_user_prompt_no_pidas_codigos_on_greeting" time="0.000" /><testcase classname="backend.tests.test_iteration36_strengthened_prompts.TestBaseUrlConfiguration" name="test_base_url_reads_react_app_backend_url_first" time="0.000" /><testcase classname="backend.tests.test_iteration36_strengthened_prompts.TestBaseUrlConfiguration" name="test_react_app_backend_url_in_backend_env" time="0.000" /><testcase classname="backend.tests.test_iteration36_strengthened_prompts.TestGreetingDetection" name="test_greeting_words_set_exists" time="0.000" /><testcase classname="backend.tests.test_iteration36_strengthened_prompts.TestGreetingDetection" name="test_is_greeting_flag_computed" time="0.000" /><testcase classname="backend.tests.test_iteration36_strengthened_prompts.TestGreetingDetection" name="test_should_search_false_when_greeting" time="0.000" /><testcase classname="backend.tests.test_iteration36_strengthened_prompts.TestGreetingDetection" name="test_greeting_words_include_common_greetings" time="0.000" /><testcase classname="backend.tests.test_iteration36_strengthened_prompts.TestFallbackCatalogLink" name="test_fallback_appends_catalog_link" time="0.000" /><testcase classname="backend.tests.test_iteration36_strengthened_prompts.TestConversationHistoryLimit" name="test_history_limit_at_least_20" time="0.000" /><testcase classname="backend.tests.test_iteration36_strengthened_prompts.TestSystemPromptPaso1Complete" name="test_paso1_complete_rules" time="0.000" /><testcase classname="backend.tests.test_iteration36_strengthened_prompts.TestSystemPromptPaso2Complete" name="test_paso2_complete_rules" time="0.000" /></testsuite></testsuites>